<!DOCTYPE html>
<html>
  <head>
    <meta charset="utf-8"/>
    <title>Test Report</title>
    <style>body {
	font-family: Helvetica, Arial, sans-serif;
	font-size: 12px;
	/* do not increase min-width as some may use split screens */
	min-width: 800px;
	background-color: white;
	color: #999;
}

h1 {
	font-size: 24px;
	color: black;
}

h2 {
	font-size: 16px;
	color: black;
}

p {
    color: black;
}

a {
	color: #999;
}

table {
	border-collapse: collapse;
}

@media (prefers-color-scheme: dark) {
	body {
		background-color: #222;
		color: #aaa;
	}
	h1 {
		 color: #ccc;
	}
	h2 {
		color: #ccc;
	}
	p {
		color: #ccc;
	}
	a {
		color: #c6c2ab;
	}
}

/******************************
 * SUMMARY INFORMATION
 ******************************/

#environment td {
	padding: 5px;
	border: 1px solid #E6E6E6;
}

#environment tr:nth-child(odd) {
	background-color: #f6f6f6;
}

@media (prefers-color-scheme: dark) {
	#environment td {
		border-color: #333;
	}
	#environment tr:nth-child(odd) {
		background-color: #292929;
	}
}

/******************************
 * TEST RESULT COLORS
 ******************************/
span.passed, .passed .col-result {
	color: green;
}
span.skipped, span.xfailed, span.rerun, .skipped .col-result, .xfailed .col-result, .rerun .col-result {
	color: orange;
}
span.error, span.failed, span.xpassed, .error .col-result, .failed .col-result, .xpassed .col-result  {
	color: red;
}

@media (prefers-color-scheme: dark) {
	span.passed, .passed .col-result {
		color: #4E9A06;
		font-weight: bold;
	}
	span.skipped, span.xfailed, span.rerun, .skipped .col-result, .xfailed .col-result, .rerun .col-result {
		color: #C4A000;
		font-weight: bold;
	}
	span.error, span.failed, span.xpassed, .error .col-result, .failed .col-result, .xpassed .col-result  {
		color: #CC0000;
		font-weight: bold;
	}
}

/******************************
 * RESULTS TABLE
 *
 * 1. Table Layout
 * 2. Extra
 * 3. Sorting items
 *
 ******************************/

/*------------------
 * 1. Table Layout
 *------------------*/

#results-table {
	border: 1px solid #e6e6e6;
	color: #999;
	font-size: 12px;
	width: 100%
}

#results-table th, #results-table td {
	padding: 5px;
	border: 1px solid #E6E6E6;
	text-align: left
}
#results-table th {
	font-weight: bold
}

@media (prefers-color-scheme: dark) {
	#results-table {
		border-color: #333;
		color: #aaa;
	}
	#results-table th, #results-table td {
		border-color: #333;
	}
}

/*------------------
 * 2. Extra
 *------------------*/

.log:only-child {
	height: inherit
}
.log {
	background-color: #e6e6e6;
	border: 1px solid #e6e6e6;
	color: black;
	display: block;
	font-family: "Courier New", Courier, monospace;
	height: 230px;
	overflow-y: scroll;
	padding: 5px;
	white-space: pre-wrap
}
div.image {
	border: 1px solid #e6e6e6;
	float: right;
	height: 240px;
	margin-left: 5px;
	overflow: hidden;
	width: 320px
}
div.image img {
	width: 320px
}
div.video {
	border: 1px solid #e6e6e6;
	float: right;
	height: 240px;
	margin-left: 5px;
	overflow: hidden;
	width: 320px
}
div.video video {
	overflow: hidden;
	width: 320px;
    height: 240px;
}
.collapsed {
	display: none;
}
.expander::after {
	content: " (show details)";
	color: #BBB;
	font-style: italic;
	cursor: pointer;
}
.collapser::after {
	content: " (hide details)";
	color: #BBB;
	font-style: italic;
	cursor: pointer;
}

@media (prefers-color-scheme: dark) {
	.log {
		background-color: #0c0c0d;
		border-color: #333;
		color: #8c8c8c;
	}
	div.image {
		border-color: #333;
	}
	div.video {
		border-color: #333;
	}
	.expander::after {
		color: #c6c2ab;
		font-weight: normal;
	}
	.collapser::after {
		color: #c6c2ab;
		font-weight: normal;
	}
}

/*------------------
 * 3. Sorting items
 *------------------*/

.sortable {
	cursor: pointer;
}

.sort-icon {
	font-size: 0px;
	float: left;
	margin-right: 5px;
	margin-top: 5px;
	/*triangle*/
	width: 0;
	height: 0;
	border-left: 8px solid transparent;
	border-right: 8px solid transparent;
}

.inactive .sort-icon {
	/*finish triangle*/
	border-top: 8px solid #E6E6E6;
}

.asc.active .sort-icon {
	/*finish triangle*/
	border-bottom: 8px solid #999;
}

.desc.active .sort-icon {
	/*finish triangle*/
	border-top: 8px solid #999;
}

@media (prefers-color-scheme: dark) {
	.inactive .sort-icon {
		border-top-color: #333;
	}
	.asc.active .sort-icon {
		border-bottom-color: #aaa;
	}
	.desc.active .sort-icon {
		border-top-color: #aaa;
	}
}

/******************************
 * ANSI2HTML STYLES
 ******************************/

.ansi2html-content { display: inline; white-space: pre-wrap; word-wrap: break-word; }
.body_foreground { color: #AAAAAA; }
.body_background { background-color: #000000; }
.body_foreground > .bold,.bold > .body_foreground, body.body_foreground > pre > .bold { color: #FFFFFF; font-weight: normal; }
.inv_foreground { color: #000000; }
.inv_background { background-color: #AAAAAA; }
.ansi1 { font-weight: bold; }
.ansi2 { font-weight: lighter; }
.ansi3 { font-style: italic; }
.ansi4 { text-decoration: underline; }
.ansi5 { text-decoration: blink; }
.ansi6 { text-decoration: blink; }
.ansi8 { visibility: hidden; }
.ansi9 { text-decoration: line-through; }
.ansi30 { color: #000316; }
.inv30 { background-color: #000316; }
.ansi31 { color: #aa0000; }
.inv31 { background-color: #aa0000; }
.ansi32 { color: #00aa00; }
.inv32 { background-color: #00aa00; }
.ansi33 { color: #aa5500; }
.inv33 { background-color: #aa5500; }
.ansi34 { color: #0000aa; }
.inv34 { background-color: #0000aa; }
.ansi35 { color: #E850A8; }
.inv35 { background-color: #E850A8; }
.ansi36 { color: #00aaaa; }
.inv36 { background-color: #00aaaa; }
.ansi37 { color: #F5F1DE; }
.inv37 { background-color: #F5F1DE; }
.ansi40 { background-color: #000316; }
.inv40 { color: #000316; }
.ansi41 { background-color: #aa0000; }
.inv41 { color: #aa0000; }
.ansi42 { background-color: #00aa00; }
.inv42 { color: #00aa00; }
.ansi43 { background-color: #aa5500; }
.inv43 { color: #aa5500; }
.ansi44 { background-color: #0000aa; }
.inv44 { color: #0000aa; }
.ansi45 { background-color: #E850A8; }
.inv45 { color: #E850A8; }
.ansi46 { background-color: #00aaaa; }
.inv46 { color: #00aaaa; }
.ansi47 { background-color: #F5F1DE; }
.inv47 { color: #F5F1DE; }
.ansi90 { color: #404356; }
.inv90 { background-color: #404356; }
.ansi91 { color: #ea4040; }
.inv91 { background-color: #ea4040; }
.ansi92 { color: #40ea40; }
.inv92 { background-color: #40ea40; }
.ansi93 { color: #ea9540; }
.inv93 { background-color: #ea9540; }
.ansi94 { color: #4040ea; }
.inv94 { background-color: #4040ea; }
.ansi95 { color: #ff90e8; }
.inv95 { background-color: #ff90e8; }
.ansi96 { color: #40eaea; }
.inv96 { background-color: #40eaea; }
.ansi97 { color: #ffffff; }
.inv97 { background-color: #ffffff; }
.ansi100 { background-color: #404356; }
.inv100 { color: #404356; }
.ansi101 { background-color: #ea4040; }
.inv101 { color: #ea4040; }
.ansi102 { background-color: #40ea40; }
.inv102 { color: #40ea40; }
.ansi103 { background-color: #ea9540; }
.inv103 { color: #ea9540; }
.ansi104 { background-color: #4040ea; }
.inv104 { color: #4040ea; }
.ansi105 { background-color: #ff90e8; }
.inv105 { color: #ff90e8; }
.ansi106 { background-color: #40eaea; }
.inv106 { color: #40eaea; }
.ansi107 { background-color: #ffffff; }
.inv107 { color: #ffffff; }
.ansi38-0 { color: #000316; }
.inv38-0 { background-color: #000316; }
.ansi38-1 { color: #aa0000; }
.inv38-1 { background-color: #aa0000; }
.ansi38-2 { color: #00aa00; }
.inv38-2 { background-color: #00aa00; }
.ansi38-3 { color: #aa5500; }
.inv38-3 { background-color: #aa5500; }
.ansi38-4 { color: #0000aa; }
.inv38-4 { background-color: #0000aa; }
.ansi38-5 { color: #E850A8; }
.inv38-5 { background-color: #E850A8; }
.ansi38-6 { color: #00aaaa; }
.inv38-6 { background-color: #00aaaa; }
.ansi38-7 { color: #F5F1DE; }
.inv38-7 { background-color: #F5F1DE; }
.ansi38-8 { color: #7f7f7f; }
.inv38-8 { background-color: #7f7f7f; }
.ansi38-9 { color: #ff0000; }
.inv38-9 { background-color: #ff0000; }
.ansi38-10 { color: #00ff00; }
.inv38-10 { background-color: #00ff00; }
.ansi38-11 { color: #ffff00; }
.inv38-11 { background-color: #ffff00; }
.ansi38-12 { color: #5c5cff; }
.inv38-12 { background-color: #5c5cff; }
.ansi38-13 { color: #ff00ff; }
.inv38-13 { background-color: #ff00ff; }
.ansi38-14 { color: #00ffff; }
.inv38-14 { background-color: #00ffff; }
.ansi38-15 { color: #ffffff; }
.inv38-15 { background-color: #ffffff; }
.ansi48-0 { background-color: #000316; }
.inv48-0 { color: #000316; }
.ansi48-1 { background-color: #aa0000; }
.inv48-1 { color: #aa0000; }
.ansi48-2 { background-color: #00aa00; }
.inv48-2 { color: #00aa00; }
.ansi48-3 { background-color: #aa5500; }
.inv48-3 { color: #aa5500; }
.ansi48-4 { background-color: #0000aa; }
.inv48-4 { color: #0000aa; }
.ansi48-5 { background-color: #E850A8; }
.inv48-5 { color: #E850A8; }
.ansi48-6 { background-color: #00aaaa; }
.inv48-6 { color: #00aaaa; }
.ansi48-7 { background-color: #F5F1DE; }
.inv48-7 { color: #F5F1DE; }
.ansi48-8 { background-color: #7f7f7f; }
.inv48-8 { color: #7f7f7f; }
.ansi48-9 { background-color: #ff0000; }
.inv48-9 { color: #ff0000; }
.ansi48-10 { background-color: #00ff00; }
.inv48-10 { color: #00ff00; }
.ansi48-11 { background-color: #ffff00; }
.inv48-11 { color: #ffff00; }
.ansi48-12 { background-color: #5c5cff; }
.inv48-12 { color: #5c5cff; }
.ansi48-13 { background-color: #ff00ff; }
.inv48-13 { color: #ff00ff; }
.ansi48-14 { background-color: #00ffff; }
.inv48-14 { color: #00ffff; }
.ansi48-15 { background-color: #ffffff; }
.inv48-15 { color: #ffffff; }
.ansi38-16 { color: #000000; }
.inv38-16 { background: #000000; }
.ansi48-16 { background: #000000; }
.inv48-16 { color: #000000; }
.ansi38-17 { color: #00005f; }
.inv38-17 { background: #00005f; }
.ansi48-17 { background: #00005f; }
.inv48-17 { color: #00005f; }
.ansi38-18 { color: #000087; }
.inv38-18 { background: #000087; }
.ansi48-18 { background: #000087; }
.inv48-18 { color: #000087; }
.ansi38-19 { color: #0000af; }
.inv38-19 { background: #0000af; }
.ansi48-19 { background: #0000af; }
.inv48-19 { color: #0000af; }
.ansi38-20 { color: #0000d7; }
.inv38-20 { background: #0000d7; }
.ansi48-20 { background: #0000d7; }
.inv48-20 { color: #0000d7; }
.ansi38-21 { color: #0000ff; }
.inv38-21 { background: #0000ff; }
.ansi48-21 { background: #0000ff; }
.inv48-21 { color: #0000ff; }
.ansi38-52 { color: #5f0000; }
.inv38-52 { background: #5f0000; }
.ansi48-52 { background: #5f0000; }
.inv48-52 { color: #5f0000; }
.ansi38-53 { color: #5f005f; }
.inv38-53 { background: #5f005f; }
.ansi48-53 { background: #5f005f; }
.inv48-53 { color: #5f005f; }
.ansi38-54 { color: #5f0087; }
.inv38-54 { background: #5f0087; }
.ansi48-54 { background: #5f0087; }
.inv48-54 { color: #5f0087; }
.ansi38-55 { color: #5f00af; }
.inv38-55 { background: #5f00af; }
.ansi48-55 { background: #5f00af; }
.inv48-55 { color: #5f00af; }
.ansi38-56 { color: #5f00d7; }
.inv38-56 { background: #5f00d7; }
.ansi48-56 { background: #5f00d7; }
.inv48-56 { color: #5f00d7; }
.ansi38-57 { color: #5f00ff; }
.inv38-57 { background: #5f00ff; }
.ansi48-57 { background: #5f00ff; }
.inv48-57 { color: #5f00ff; }
.ansi38-88 { color: #870000; }
.inv38-88 { background: #870000; }
.ansi48-88 { background: #870000; }
.inv48-88 { color: #870000; }
.ansi38-89 { color: #87005f; }
.inv38-89 { background: #87005f; }
.ansi48-89 { background: #87005f; }
.inv48-89 { color: #87005f; }
.ansi38-90 { color: #870087; }
.inv38-90 { background: #870087; }
.ansi48-90 { background: #870087; }
.inv48-90 { color: #870087; }
.ansi38-91 { color: #8700af; }
.inv38-91 { background: #8700af; }
.ansi48-91 { background: #8700af; }
.inv48-91 { color: #8700af; }
.ansi38-92 { color: #8700d7; }
.inv38-92 { background: #8700d7; }
.ansi48-92 { background: #8700d7; }
.inv48-92 { color: #8700d7; }
.ansi38-93 { color: #8700ff; }
.inv38-93 { background: #8700ff; }
.ansi48-93 { background: #8700ff; }
.inv48-93 { color: #8700ff; }
.ansi38-124 { color: #af0000; }
.inv38-124 { background: #af0000; }
.ansi48-124 { background: #af0000; }
.inv48-124 { color: #af0000; }
.ansi38-125 { color: #af005f; }
.inv38-125 { background: #af005f; }
.ansi48-125 { background: #af005f; }
.inv48-125 { color: #af005f; }
.ansi38-126 { color: #af0087; }
.inv38-126 { background: #af0087; }
.ansi48-126 { background: #af0087; }
.inv48-126 { color: #af0087; }
.ansi38-127 { color: #af00af; }
.inv38-127 { background: #af00af; }
.ansi48-127 { background: #af00af; }
.inv48-127 { color: #af00af; }
.ansi38-128 { color: #af00d7; }
.inv38-128 { background: #af00d7; }
.ansi48-128 { background: #af00d7; }
.inv48-128 { color: #af00d7; }
.ansi38-129 { color: #af00ff; }
.inv38-129 { background: #af00ff; }
.ansi48-129 { background: #af00ff; }
.inv48-129 { color: #af00ff; }
.ansi38-160 { color: #d70000; }
.inv38-160 { background: #d70000; }
.ansi48-160 { background: #d70000; }
.inv48-160 { color: #d70000; }
.ansi38-161 { color: #d7005f; }
.inv38-161 { background: #d7005f; }
.ansi48-161 { background: #d7005f; }
.inv48-161 { color: #d7005f; }
.ansi38-162 { color: #d70087; }
.inv38-162 { background: #d70087; }
.ansi48-162 { background: #d70087; }
.inv48-162 { color: #d70087; }
.ansi38-163 { color: #d700af; }
.inv38-163 { background: #d700af; }
.ansi48-163 { background: #d700af; }
.inv48-163 { color: #d700af; }
.ansi38-164 { color: #d700d7; }
.inv38-164 { background: #d700d7; }
.ansi48-164 { background: #d700d7; }
.inv48-164 { color: #d700d7; }
.ansi38-165 { color: #d700ff; }
.inv38-165 { background: #d700ff; }
.ansi48-165 { background: #d700ff; }
.inv48-165 { color: #d700ff; }
.ansi38-196 { color: #ff0000; }
.inv38-196 { background: #ff0000; }
.ansi48-196 { background: #ff0000; }
.inv48-196 { color: #ff0000; }
.ansi38-197 { color: #ff005f; }
.inv38-197 { background: #ff005f; }
.ansi48-197 { background: #ff005f; }
.inv48-197 { color: #ff005f; }
.ansi38-198 { color: #ff0087; }
.inv38-198 { background: #ff0087; }
.ansi48-198 { background: #ff0087; }
.inv48-198 { color: #ff0087; }
.ansi38-199 { color: #ff00af; }
.inv38-199 { background: #ff00af; }
.ansi48-199 { background: #ff00af; }
.inv48-199 { color: #ff00af; }
.ansi38-200 { color: #ff00d7; }
.inv38-200 { background: #ff00d7; }
.ansi48-200 { background: #ff00d7; }
.inv48-200 { color: #ff00d7; }
.ansi38-201 { color: #ff00ff; }
.inv38-201 { background: #ff00ff; }
.ansi48-201 { background: #ff00ff; }
.inv48-201 { color: #ff00ff; }
.ansi38-22 { color: #005f00; }
.inv38-22 { background: #005f00; }
.ansi48-22 { background: #005f00; }
.inv48-22 { color: #005f00; }
.ansi38-23 { color: #005f5f; }
.inv38-23 { background: #005f5f; }
.ansi48-23 { background: #005f5f; }
.inv48-23 { color: #005f5f; }
.ansi38-24 { color: #005f87; }
.inv38-24 { background: #005f87; }
.ansi48-24 { background: #005f87; }
.inv48-24 { color: #005f87; }
.ansi38-25 { color: #005faf; }
.inv38-25 { background: #005faf; }
.ansi48-25 { background: #005faf; }
.inv48-25 { color: #005faf; }
.ansi38-26 { color: #005fd7; }
.inv38-26 { background: #005fd7; }
.ansi48-26 { background: #005fd7; }
.inv48-26 { color: #005fd7; }
.ansi38-27 { color: #005fff; }
.inv38-27 { background: #005fff; }
.ansi48-27 { background: #005fff; }
.inv48-27 { color: #005fff; }
.ansi38-58 { color: #5f5f00; }
.inv38-58 { background: #5f5f00; }
.ansi48-58 { background: #5f5f00; }
.inv48-58 { color: #5f5f00; }
.ansi38-59 { color: #5f5f5f; }
.inv38-59 { background: #5f5f5f; }
.ansi48-59 { background: #5f5f5f; }
.inv48-59 { color: #5f5f5f; }
.ansi38-60 { color: #5f5f87; }
.inv38-60 { background: #5f5f87; }
.ansi48-60 { background: #5f5f87; }
.inv48-60 { color: #5f5f87; }
.ansi38-61 { color: #5f5faf; }
.inv38-61 { background: #5f5faf; }
.ansi48-61 { background: #5f5faf; }
.inv48-61 { color: #5f5faf; }
.ansi38-62 { color: #5f5fd7; }
.inv38-62 { background: #5f5fd7; }
.ansi48-62 { background: #5f5fd7; }
.inv48-62 { color: #5f5fd7; }
.ansi38-63 { color: #5f5fff; }
.inv38-63 { background: #5f5fff; }
.ansi48-63 { background: #5f5fff; }
.inv48-63 { color: #5f5fff; }
.ansi38-94 { color: #875f00; }
.inv38-94 { background: #875f00; }
.ansi48-94 { background: #875f00; }
.inv48-94 { color: #875f00; }
.ansi38-95 { color: #875f5f; }
.inv38-95 { background: #875f5f; }
.ansi48-95 { background: #875f5f; }
.inv48-95 { color: #875f5f; }
.ansi38-96 { color: #875f87; }
.inv38-96 { background: #875f87; }
.ansi48-96 { background: #875f87; }
.inv48-96 { color: #875f87; }
.ansi38-97 { color: #875faf; }
.inv38-97 { background: #875faf; }
.ansi48-97 { background: #875faf; }
.inv48-97 { color: #875faf; }
.ansi38-98 { color: #875fd7; }
.inv38-98 { background: #875fd7; }
.ansi48-98 { background: #875fd7; }
.inv48-98 { color: #875fd7; }
.ansi38-99 { color: #875fff; }
.inv38-99 { background: #875fff; }
.ansi48-99 { background: #875fff; }
.inv48-99 { color: #875fff; }
.ansi38-130 { color: #af5f00; }
.inv38-130 { background: #af5f00; }
.ansi48-130 { background: #af5f00; }
.inv48-130 { color: #af5f00; }
.ansi38-131 { color: #af5f5f; }
.inv38-131 { background: #af5f5f; }
.ansi48-131 { background: #af5f5f; }
.inv48-131 { color: #af5f5f; }
.ansi38-132 { color: #af5f87; }
.inv38-132 { background: #af5f87; }
.ansi48-132 { background: #af5f87; }
.inv48-132 { color: #af5f87; }
.ansi38-133 { color: #af5faf; }
.inv38-133 { background: #af5faf; }
.ansi48-133 { background: #af5faf; }
.inv48-133 { color: #af5faf; }
.ansi38-134 { color: #af5fd7; }
.inv38-134 { background: #af5fd7; }
.ansi48-134 { background: #af5fd7; }
.inv48-134 { color: #af5fd7; }
.ansi38-135 { color: #af5fff; }
.inv38-135 { background: #af5fff; }
.ansi48-135 { background: #af5fff; }
.inv48-135 { color: #af5fff; }
.ansi38-166 { color: #d75f00; }
.inv38-166 { background: #d75f00; }
.ansi48-166 { background: #d75f00; }
.inv48-166 { color: #d75f00; }
.ansi38-167 { color: #d75f5f; }
.inv38-167 { background: #d75f5f; }
.ansi48-167 { background: #d75f5f; }
.inv48-167 { color: #d75f5f; }
.ansi38-168 { color: #d75f87; }
.inv38-168 { background: #d75f87; }
.ansi48-168 { background: #d75f87; }
.inv48-168 { color: #d75f87; }
.ansi38-169 { color: #d75faf; }
.inv38-169 { background: #d75faf; }
.ansi48-169 { background: #d75faf; }
.inv48-169 { color: #d75faf; }
.ansi38-170 { color: #d75fd7; }
.inv38-170 { background: #d75fd7; }
.ansi48-170 { background: #d75fd7; }
.inv48-170 { color: #d75fd7; }
.ansi38-171 { color: #d75fff; }
.inv38-171 { background: #d75fff; }
.ansi48-171 { background: #d75fff; }
.inv48-171 { color: #d75fff; }
.ansi38-202 { color: #ff5f00; }
.inv38-202 { background: #ff5f00; }
.ansi48-202 { background: #ff5f00; }
.inv48-202 { color: #ff5f00; }
.ansi38-203 { color: #ff5f5f; }
.inv38-203 { background: #ff5f5f; }
.ansi48-203 { background: #ff5f5f; }
.inv48-203 { color: #ff5f5f; }
.ansi38-204 { color: #ff5f87; }
.inv38-204 { background: #ff5f87; }
.ansi48-204 { background: #ff5f87; }
.inv48-204 { color: #ff5f87; }
.ansi38-205 { color: #ff5faf; }
.inv38-205 { background: #ff5faf; }
.ansi48-205 { background: #ff5faf; }
.inv48-205 { color: #ff5faf; }
.ansi38-206 { color: #ff5fd7; }
.inv38-206 { background: #ff5fd7; }
.ansi48-206 { background: #ff5fd7; }
.inv48-206 { color: #ff5fd7; }
.ansi38-207 { color: #ff5fff; }
.inv38-207 { background: #ff5fff; }
.ansi48-207 { background: #ff5fff; }
.inv48-207 { color: #ff5fff; }
.ansi38-28 { color: #008700; }
.inv38-28 { background: #008700; }
.ansi48-28 { background: #008700; }
.inv48-28 { color: #008700; }
.ansi38-29 { color: #00875f; }
.inv38-29 { background: #00875f; }
.ansi48-29 { background: #00875f; }
.inv48-29 { color: #00875f; }
.ansi38-30 { color: #008787; }
.inv38-30 { background: #008787; }
.ansi48-30 { background: #008787; }
.inv48-30 { color: #008787; }
.ansi38-31 { color: #0087af; }
.inv38-31 { background: #0087af; }
.ansi48-31 { background: #0087af; }
.inv48-31 { color: #0087af; }
.ansi38-32 { color: #0087d7; }
.inv38-32 { background: #0087d7; }
.ansi48-32 { background: #0087d7; }
.inv48-32 { color: #0087d7; }
.ansi38-33 { color: #0087ff; }
.inv38-33 { background: #0087ff; }
.ansi48-33 { background: #0087ff; }
.inv48-33 { color: #0087ff; }
.ansi38-64 { color: #5f8700; }
.inv38-64 { background: #5f8700; }
.ansi48-64 { background: #5f8700; }
.inv48-64 { color: #5f8700; }
.ansi38-65 { color: #5f875f; }
.inv38-65 { background: #5f875f; }
.ansi48-65 { background: #5f875f; }
.inv48-65 { color: #5f875f; }
.ansi38-66 { color: #5f8787; }
.inv38-66 { background: #5f8787; }
.ansi48-66 { background: #5f8787; }
.inv48-66 { color: #5f8787; }
.ansi38-67 { color: #5f87af; }
.inv38-67 { background: #5f87af; }
.ansi48-67 { background: #5f87af; }
.inv48-67 { color: #5f87af; }
.ansi38-68 { color: #5f87d7; }
.inv38-68 { background: #5f87d7; }
.ansi48-68 { background: #5f87d7; }
.inv48-68 { color: #5f87d7; }
.ansi38-69 { color: #5f87ff; }
.inv38-69 { background: #5f87ff; }
.ansi48-69 { background: #5f87ff; }
.inv48-69 { color: #5f87ff; }
.ansi38-100 { color: #878700; }
.inv38-100 { background: #878700; }
.ansi48-100 { background: #878700; }
.inv48-100 { color: #878700; }
.ansi38-101 { color: #87875f; }
.inv38-101 { background: #87875f; }
.ansi48-101 { background: #87875f; }
.inv48-101 { color: #87875f; }
.ansi38-102 { color: #878787; }
.inv38-102 { background: #878787; }
.ansi48-102 { background: #878787; }
.inv48-102 { color: #878787; }
.ansi38-103 { color: #8787af; }
.inv38-103 { background: #8787af; }
.ansi48-103 { background: #8787af; }
.inv48-103 { color: #8787af; }
.ansi38-104 { color: #8787d7; }
.inv38-104 { background: #8787d7; }
.ansi48-104 { background: #8787d7; }
.inv48-104 { color: #8787d7; }
.ansi38-105 { color: #8787ff; }
.inv38-105 { background: #8787ff; }
.ansi48-105 { background: #8787ff; }
.inv48-105 { color: #8787ff; }
.ansi38-136 { color: #af8700; }
.inv38-136 { background: #af8700; }
.ansi48-136 { background: #af8700; }
.inv48-136 { color: #af8700; }
.ansi38-137 { color: #af875f; }
.inv38-137 { background: #af875f; }
.ansi48-137 { background: #af875f; }
.inv48-137 { color: #af875f; }
.ansi38-138 { color: #af8787; }
.inv38-138 { background: #af8787; }
.ansi48-138 { background: #af8787; }
.inv48-138 { color: #af8787; }
.ansi38-139 { color: #af87af; }
.inv38-139 { background: #af87af; }
.ansi48-139 { background: #af87af; }
.inv48-139 { color: #af87af; }
.ansi38-140 { color: #af87d7; }
.inv38-140 { background: #af87d7; }
.ansi48-140 { background: #af87d7; }
.inv48-140 { color: #af87d7; }
.ansi38-141 { color: #af87ff; }
.inv38-141 { background: #af87ff; }
.ansi48-141 { background: #af87ff; }
.inv48-141 { color: #af87ff; }
.ansi38-172 { color: #d78700; }
.inv38-172 { background: #d78700; }
.ansi48-172 { background: #d78700; }
.inv48-172 { color: #d78700; }
.ansi38-173 { color: #d7875f; }
.inv38-173 { background: #d7875f; }
.ansi48-173 { background: #d7875f; }
.inv48-173 { color: #d7875f; }
.ansi38-174 { color: #d78787; }
.inv38-174 { background: #d78787; }
.ansi48-174 { background: #d78787; }
.inv48-174 { color: #d78787; }
.ansi38-175 { color: #d787af; }
.inv38-175 { background: #d787af; }
.ansi48-175 { background: #d787af; }
.inv48-175 { color: #d787af; }
.ansi38-176 { color: #d787d7; }
.inv38-176 { background: #d787d7; }
.ansi48-176 { background: #d787d7; }
.inv48-176 { color: #d787d7; }
.ansi38-177 { color: #d787ff; }
.inv38-177 { background: #d787ff; }
.ansi48-177 { background: #d787ff; }
.inv48-177 { color: #d787ff; }
.ansi38-208 { color: #ff8700; }
.inv38-208 { background: #ff8700; }
.ansi48-208 { background: #ff8700; }
.inv48-208 { color: #ff8700; }
.ansi38-209 { color: #ff875f; }
.inv38-209 { background: #ff875f; }
.ansi48-209 { background: #ff875f; }
.inv48-209 { color: #ff875f; }
.ansi38-210 { color: #ff8787; }
.inv38-210 { background: #ff8787; }
.ansi48-210 { background: #ff8787; }
.inv48-210 { color: #ff8787; }
.ansi38-211 { color: #ff87af; }
.inv38-211 { background: #ff87af; }
.ansi48-211 { background: #ff87af; }
.inv48-211 { color: #ff87af; }
.ansi38-212 { color: #ff87d7; }
.inv38-212 { background: #ff87d7; }
.ansi48-212 { background: #ff87d7; }
.inv48-212 { color: #ff87d7; }
.ansi38-213 { color: #ff87ff; }
.inv38-213 { background: #ff87ff; }
.ansi48-213 { background: #ff87ff; }
.inv48-213 { color: #ff87ff; }
.ansi38-34 { color: #00af00; }
.inv38-34 { background: #00af00; }
.ansi48-34 { background: #00af00; }
.inv48-34 { color: #00af00; }
.ansi38-35 { color: #00af5f; }
.inv38-35 { background: #00af5f; }
.ansi48-35 { background: #00af5f; }
.inv48-35 { color: #00af5f; }
.ansi38-36 { color: #00af87; }
.inv38-36 { background: #00af87; }
.ansi48-36 { background: #00af87; }
.inv48-36 { color: #00af87; }
.ansi38-37 { color: #00afaf; }
.inv38-37 { background: #00afaf; }
.ansi48-37 { background: #00afaf; }
.inv48-37 { color: #00afaf; }
.ansi38-38 { color: #00afd7; }
.inv38-38 { background: #00afd7; }
.ansi48-38 { background: #00afd7; }
.inv48-38 { color: #00afd7; }
.ansi38-39 { color: #00afff; }
.inv38-39 { background: #00afff; }
.ansi48-39 { background: #00afff; }
.inv48-39 { color: #00afff; }
.ansi38-70 { color: #5faf00; }
.inv38-70 { background: #5faf00; }
.ansi48-70 { background: #5faf00; }
.inv48-70 { color: #5faf00; }
.ansi38-71 { color: #5faf5f; }
.inv38-71 { background: #5faf5f; }
.ansi48-71 { background: #5faf5f; }
.inv48-71 { color: #5faf5f; }
.ansi38-72 { color: #5faf87; }
.inv38-72 { background: #5faf87; }
.ansi48-72 { background: #5faf87; }
.inv48-72 { color: #5faf87; }
.ansi38-73 { color: #5fafaf; }
.inv38-73 { background: #5fafaf; }
.ansi48-73 { background: #5fafaf; }
.inv48-73 { color: #5fafaf; }
.ansi38-74 { color: #5fafd7; }
.inv38-74 { background: #5fafd7; }
.ansi48-74 { background: #5fafd7; }
.inv48-74 { color: #5fafd7; }
.ansi38-75 { color: #5fafff; }
.inv38-75 { background: #5fafff; }
.ansi48-75 { background: #5fafff; }
.inv48-75 { color: #5fafff; }
.ansi38-106 { color: #87af00; }
.inv38-106 { background: #87af00; }
.ansi48-106 { background: #87af00; }
.inv48-106 { color: #87af00; }
.ansi38-107 { color: #87af5f; }
.inv38-107 { background: #87af5f; }
.ansi48-107 { background: #87af5f; }
.inv48-107 { color: #87af5f; }
.ansi38-108 { color: #87af87; }
.inv38-108 { background: #87af87; }
.ansi48-108 { background: #87af87; }
.inv48-108 { color: #87af87; }
.ansi38-109 { color: #87afaf; }
.inv38-109 { background: #87afaf; }
.ansi48-109 { background: #87afaf; }
.inv48-109 { color: #87afaf; }
.ansi38-110 { color: #87afd7; }
.inv38-110 { background: #87afd7; }
.ansi48-110 { background: #87afd7; }
.inv48-110 { color: #87afd7; }
.ansi38-111 { color: #87afff; }
.inv38-111 { background: #87afff; }
.ansi48-111 { background: #87afff; }
.inv48-111 { color: #87afff; }
.ansi38-142 { color: #afaf00; }
.inv38-142 { background: #afaf00; }
.ansi48-142 { background: #afaf00; }
.inv48-142 { color: #afaf00; }
.ansi38-143 { color: #afaf5f; }
.inv38-143 { background: #afaf5f; }
.ansi48-143 { background: #afaf5f; }
.inv48-143 { color: #afaf5f; }
.ansi38-144 { color: #afaf87; }
.inv38-144 { background: #afaf87; }
.ansi48-144 { background: #afaf87; }
.inv48-144 { color: #afaf87; }
.ansi38-145 { color: #afafaf; }
.inv38-145 { background: #afafaf; }
.ansi48-145 { background: #afafaf; }
.inv48-145 { color: #afafaf; }
.ansi38-146 { color: #afafd7; }
.inv38-146 { background: #afafd7; }
.ansi48-146 { background: #afafd7; }
.inv48-146 { color: #afafd7; }
.ansi38-147 { color: #afafff; }
.inv38-147 { background: #afafff; }
.ansi48-147 { background: #afafff; }
.inv48-147 { color: #afafff; }
.ansi38-178 { color: #d7af00; }
.inv38-178 { background: #d7af00; }
.ansi48-178 { background: #d7af00; }
.inv48-178 { color: #d7af00; }
.ansi38-179 { color: #d7af5f; }
.inv38-179 { background: #d7af5f; }
.ansi48-179 { background: #d7af5f; }
.inv48-179 { color: #d7af5f; }
.ansi38-180 { color: #d7af87; }
.inv38-180 { background: #d7af87; }
.ansi48-180 { background: #d7af87; }
.inv48-180 { color: #d7af87; }
.ansi38-181 { color: #d7afaf; }
.inv38-181 { background: #d7afaf; }
.ansi48-181 { background: #d7afaf; }
.inv48-181 { color: #d7afaf; }
.ansi38-182 { color: #d7afd7; }
.inv38-182 { background: #d7afd7; }
.ansi48-182 { background: #d7afd7; }
.inv48-182 { color: #d7afd7; }
.ansi38-183 { color: #d7afff; }
.inv38-183 { background: #d7afff; }
.ansi48-183 { background: #d7afff; }
.inv48-183 { color: #d7afff; }
.ansi38-214 { color: #ffaf00; }
.inv38-214 { background: #ffaf00; }
.ansi48-214 { background: #ffaf00; }
.inv48-214 { color: #ffaf00; }
.ansi38-215 { color: #ffaf5f; }
.inv38-215 { background: #ffaf5f; }
.ansi48-215 { background: #ffaf5f; }
.inv48-215 { color: #ffaf5f; }
.ansi38-216 { color: #ffaf87; }
.inv38-216 { background: #ffaf87; }
.ansi48-216 { background: #ffaf87; }
.inv48-216 { color: #ffaf87; }
.ansi38-217 { color: #ffafaf; }
.inv38-217 { background: #ffafaf; }
.ansi48-217 { background: #ffafaf; }
.inv48-217 { color: #ffafaf; }
.ansi38-218 { color: #ffafd7; }
.inv38-218 { background: #ffafd7; }
.ansi48-218 { background: #ffafd7; }
.inv48-218 { color: #ffafd7; }
.ansi38-219 { color: #ffafff; }
.inv38-219 { background: #ffafff; }
.ansi48-219 { background: #ffafff; }
.inv48-219 { color: #ffafff; }
.ansi38-40 { color: #00d700; }
.inv38-40 { background: #00d700; }
.ansi48-40 { background: #00d700; }
.inv48-40 { color: #00d700; }
.ansi38-41 { color: #00d75f; }
.inv38-41 { background: #00d75f; }
.ansi48-41 { background: #00d75f; }
.inv48-41 { color: #00d75f; }
.ansi38-42 { color: #00d787; }
.inv38-42 { background: #00d787; }
.ansi48-42 { background: #00d787; }
.inv48-42 { color: #00d787; }
.ansi38-43 { color: #00d7af; }
.inv38-43 { background: #00d7af; }
.ansi48-43 { background: #00d7af; }
.inv48-43 { color: #00d7af; }
.ansi38-44 { color: #00d7d7; }
.inv38-44 { background: #00d7d7; }
.ansi48-44 { background: #00d7d7; }
.inv48-44 { color: #00d7d7; }
.ansi38-45 { color: #00d7ff; }
.inv38-45 { background: #00d7ff; }
.ansi48-45 { background: #00d7ff; }
.inv48-45 { color: #00d7ff; }
.ansi38-76 { color: #5fd700; }
.inv38-76 { background: #5fd700; }
.ansi48-76 { background: #5fd700; }
.inv48-76 { color: #5fd700; }
.ansi38-77 { color: #5fd75f; }
.inv38-77 { background: #5fd75f; }
.ansi48-77 { background: #5fd75f; }
.inv48-77 { color: #5fd75f; }
.ansi38-78 { color: #5fd787; }
.inv38-78 { background: #5fd787; }
.ansi48-78 { background: #5fd787; }
.inv48-78 { color: #5fd787; }
.ansi38-79 { color: #5fd7af; }
.inv38-79 { background: #5fd7af; }
.ansi48-79 { background: #5fd7af; }
.inv48-79 { color: #5fd7af; }
.ansi38-80 { color: #5fd7d7; }
.inv38-80 { background: #5fd7d7; }
.ansi48-80 { background: #5fd7d7; }
.inv48-80 { color: #5fd7d7; }
.ansi38-81 { color: #5fd7ff; }
.inv38-81 { background: #5fd7ff; }
.ansi48-81 { background: #5fd7ff; }
.inv48-81 { color: #5fd7ff; }
.ansi38-112 { color: #87d700; }
.inv38-112 { background: #87d700; }
.ansi48-112 { background: #87d700; }
.inv48-112 { color: #87d700; }
.ansi38-113 { color: #87d75f; }
.inv38-113 { background: #87d75f; }
.ansi48-113 { background: #87d75f; }
.inv48-113 { color: #87d75f; }
.ansi38-114 { color: #87d787; }
.inv38-114 { background: #87d787; }
.ansi48-114 { background: #87d787; }
.inv48-114 { color: #87d787; }
.ansi38-115 { color: #87d7af; }
.inv38-115 { background: #87d7af; }
.ansi48-115 { background: #87d7af; }
.inv48-115 { color: #87d7af; }
.ansi38-116 { color: #87d7d7; }
.inv38-116 { background: #87d7d7; }
.ansi48-116 { background: #87d7d7; }
.inv48-116 { color: #87d7d7; }
.ansi38-117 { color: #87d7ff; }
.inv38-117 { background: #87d7ff; }
.ansi48-117 { background: #87d7ff; }
.inv48-117 { color: #87d7ff; }
.ansi38-148 { color: #afd700; }
.inv38-148 { background: #afd700; }
.ansi48-148 { background: #afd700; }
.inv48-148 { color: #afd700; }
.ansi38-149 { color: #afd75f; }
.inv38-149 { background: #afd75f; }
.ansi48-149 { background: #afd75f; }
.inv48-149 { color: #afd75f; }
.ansi38-150 { color: #afd787; }
.inv38-150 { background: #afd787; }
.ansi48-150 { background: #afd787; }
.inv48-150 { color: #afd787; }
.ansi38-151 { color: #afd7af; }
.inv38-151 { background: #afd7af; }
.ansi48-151 { background: #afd7af; }
.inv48-151 { color: #afd7af; }
.ansi38-152 { color: #afd7d7; }
.inv38-152 { background: #afd7d7; }
.ansi48-152 { background: #afd7d7; }
.inv48-152 { color: #afd7d7; }
.ansi38-153 { color: #afd7ff; }
.inv38-153 { background: #afd7ff; }
.ansi48-153 { background: #afd7ff; }
.inv48-153 { color: #afd7ff; }
.ansi38-184 { color: #d7d700; }
.inv38-184 { background: #d7d700; }
.ansi48-184 { background: #d7d700; }
.inv48-184 { color: #d7d700; }
.ansi38-185 { color: #d7d75f; }
.inv38-185 { background: #d7d75f; }
.ansi48-185 { background: #d7d75f; }
.inv48-185 { color: #d7d75f; }
.ansi38-186 { color: #d7d787; }
.inv38-186 { background: #d7d787; }
.ansi48-186 { background: #d7d787; }
.inv48-186 { color: #d7d787; }
.ansi38-187 { color: #d7d7af; }
.inv38-187 { background: #d7d7af; }
.ansi48-187 { background: #d7d7af; }
.inv48-187 { color: #d7d7af; }
.ansi38-188 { color: #d7d7d7; }
.inv38-188 { background: #d7d7d7; }
.ansi48-188 { background: #d7d7d7; }
.inv48-188 { color: #d7d7d7; }
.ansi38-189 { color: #d7d7ff; }
.inv38-189 { background: #d7d7ff; }
.ansi48-189 { background: #d7d7ff; }
.inv48-189 { color: #d7d7ff; }
.ansi38-220 { color: #ffd700; }
.inv38-220 { background: #ffd700; }
.ansi48-220 { background: #ffd700; }
.inv48-220 { color: #ffd700; }
.ansi38-221 { color: #ffd75f; }
.inv38-221 { background: #ffd75f; }
.ansi48-221 { background: #ffd75f; }
.inv48-221 { color: #ffd75f; }
.ansi38-222 { color: #ffd787; }
.inv38-222 { background: #ffd787; }
.ansi48-222 { background: #ffd787; }
.inv48-222 { color: #ffd787; }
.ansi38-223 { color: #ffd7af; }
.inv38-223 { background: #ffd7af; }
.ansi48-223 { background: #ffd7af; }
.inv48-223 { color: #ffd7af; }
.ansi38-224 { color: #ffd7d7; }
.inv38-224 { background: #ffd7d7; }
.ansi48-224 { background: #ffd7d7; }
.inv48-224 { color: #ffd7d7; }
.ansi38-225 { color: #ffd7ff; }
.inv38-225 { background: #ffd7ff; }
.ansi48-225 { background: #ffd7ff; }
.inv48-225 { color: #ffd7ff; }
.ansi38-46 { color: #00ff00; }
.inv38-46 { background: #00ff00; }
.ansi48-46 { background: #00ff00; }
.inv48-46 { color: #00ff00; }
.ansi38-47 { color: #00ff5f; }
.inv38-47 { background: #00ff5f; }
.ansi48-47 { background: #00ff5f; }
.inv48-47 { color: #00ff5f; }
.ansi38-48 { color: #00ff87; }
.inv38-48 { background: #00ff87; }
.ansi48-48 { background: #00ff87; }
.inv48-48 { color: #00ff87; }
.ansi38-49 { color: #00ffaf; }
.inv38-49 { background: #00ffaf; }
.ansi48-49 { background: #00ffaf; }
.inv48-49 { color: #00ffaf; }
.ansi38-50 { color: #00ffd7; }
.inv38-50 { background: #00ffd7; }
.ansi48-50 { background: #00ffd7; }
.inv48-50 { color: #00ffd7; }
.ansi38-51 { color: #00ffff; }
.inv38-51 { background: #00ffff; }
.ansi48-51 { background: #00ffff; }
.inv48-51 { color: #00ffff; }
.ansi38-82 { color: #5fff00; }
.inv38-82 { background: #5fff00; }
.ansi48-82 { background: #5fff00; }
.inv48-82 { color: #5fff00; }
.ansi38-83 { color: #5fff5f; }
.inv38-83 { background: #5fff5f; }
.ansi48-83 { background: #5fff5f; }
.inv48-83 { color: #5fff5f; }
.ansi38-84 { color: #5fff87; }
.inv38-84 { background: #5fff87; }
.ansi48-84 { background: #5fff87; }
.inv48-84 { color: #5fff87; }
.ansi38-85 { color: #5fffaf; }
.inv38-85 { background: #5fffaf; }
.ansi48-85 { background: #5fffaf; }
.inv48-85 { color: #5fffaf; }
.ansi38-86 { color: #5fffd7; }
.inv38-86 { background: #5fffd7; }
.ansi48-86 { background: #5fffd7; }
.inv48-86 { color: #5fffd7; }
.ansi38-87 { color: #5fffff; }
.inv38-87 { background: #5fffff; }
.ansi48-87 { background: #5fffff; }
.inv48-87 { color: #5fffff; }
.ansi38-118 { color: #87ff00; }
.inv38-118 { background: #87ff00; }
.ansi48-118 { background: #87ff00; }
.inv48-118 { color: #87ff00; }
.ansi38-119 { color: #87ff5f; }
.inv38-119 { background: #87ff5f; }
.ansi48-119 { background: #87ff5f; }
.inv48-119 { color: #87ff5f; }
.ansi38-120 { color: #87ff87; }
.inv38-120 { background: #87ff87; }
.ansi48-120 { background: #87ff87; }
.inv48-120 { color: #87ff87; }
.ansi38-121 { color: #87ffaf; }
.inv38-121 { background: #87ffaf; }
.ansi48-121 { background: #87ffaf; }
.inv48-121 { color: #87ffaf; }
.ansi38-122 { color: #87ffd7; }
.inv38-122 { background: #87ffd7; }
.ansi48-122 { background: #87ffd7; }
.inv48-122 { color: #87ffd7; }
.ansi38-123 { color: #87ffff; }
.inv38-123 { background: #87ffff; }
.ansi48-123 { background: #87ffff; }
.inv48-123 { color: #87ffff; }
.ansi38-154 { color: #afff00; }
.inv38-154 { background: #afff00; }
.ansi48-154 { background: #afff00; }
.inv48-154 { color: #afff00; }
.ansi38-155 { color: #afff5f; }
.inv38-155 { background: #afff5f; }
.ansi48-155 { background: #afff5f; }
.inv48-155 { color: #afff5f; }
.ansi38-156 { color: #afff87; }
.inv38-156 { background: #afff87; }
.ansi48-156 { background: #afff87; }
.inv48-156 { color: #afff87; }
.ansi38-157 { color: #afffaf; }
.inv38-157 { background: #afffaf; }
.ansi48-157 { background: #afffaf; }
.inv48-157 { color: #afffaf; }
.ansi38-158 { color: #afffd7; }
.inv38-158 { background: #afffd7; }
.ansi48-158 { background: #afffd7; }
.inv48-158 { color: #afffd7; }
.ansi38-159 { color: #afffff; }
.inv38-159 { background: #afffff; }
.ansi48-159 { background: #afffff; }
.inv48-159 { color: #afffff; }
.ansi38-190 { color: #d7ff00; }
.inv38-190 { background: #d7ff00; }
.ansi48-190 { background: #d7ff00; }
.inv48-190 { color: #d7ff00; }
.ansi38-191 { color: #d7ff5f; }
.inv38-191 { background: #d7ff5f; }
.ansi48-191 { background: #d7ff5f; }
.inv48-191 { color: #d7ff5f; }
.ansi38-192 { color: #d7ff87; }
.inv38-192 { background: #d7ff87; }
.ansi48-192 { background: #d7ff87; }
.inv48-192 { color: #d7ff87; }
.ansi38-193 { color: #d7ffaf; }
.inv38-193 { background: #d7ffaf; }
.ansi48-193 { background: #d7ffaf; }
.inv48-193 { color: #d7ffaf; }
.ansi38-194 { color: #d7ffd7; }
.inv38-194 { background: #d7ffd7; }
.ansi48-194 { background: #d7ffd7; }
.inv48-194 { color: #d7ffd7; }
.ansi38-195 { color: #d7ffff; }
.inv38-195 { background: #d7ffff; }
.ansi48-195 { background: #d7ffff; }
.inv48-195 { color: #d7ffff; }
.ansi38-226 { color: #ffff00; }
.inv38-226 { background: #ffff00; }
.ansi48-226 { background: #ffff00; }
.inv48-226 { color: #ffff00; }
.ansi38-227 { color: #ffff5f; }
.inv38-227 { background: #ffff5f; }
.ansi48-227 { background: #ffff5f; }
.inv48-227 { color: #ffff5f; }
.ansi38-228 { color: #ffff87; }
.inv38-228 { background: #ffff87; }
.ansi48-228 { background: #ffff87; }
.inv48-228 { color: #ffff87; }
.ansi38-229 { color: #ffffaf; }
.inv38-229 { background: #ffffaf; }
.ansi48-229 { background: #ffffaf; }
.inv48-229 { color: #ffffaf; }
.ansi38-230 { color: #ffffd7; }
.inv38-230 { background: #ffffd7; }
.ansi48-230 { background: #ffffd7; }
.inv48-230 { color: #ffffd7; }
.ansi38-231 { color: #ffffff; }
.inv38-231 { background: #ffffff; }
.ansi48-231 { background: #ffffff; }
.inv48-231 { color: #ffffff; }
.ansi38-232 { color: #080808; }
.inv38-232 { background: #080808; }
.ansi48-232 { background: #080808; }
.inv48-232 { color: #080808; }
.ansi38-233 { color: #121212; }
.inv38-233 { background: #121212; }
.ansi48-233 { background: #121212; }
.inv48-233 { color: #121212; }
.ansi38-234 { color: #1c1c1c; }
.inv38-234 { background: #1c1c1c; }
.ansi48-234 { background: #1c1c1c; }
.inv48-234 { color: #1c1c1c; }
.ansi38-235 { color: #262626; }
.inv38-235 { background: #262626; }
.ansi48-235 { background: #262626; }
.inv48-235 { color: #262626; }
.ansi38-236 { color: #303030; }
.inv38-236 { background: #303030; }
.ansi48-236 { background: #303030; }
.inv48-236 { color: #303030; }
.ansi38-237 { color: #3a3a3a; }
.inv38-237 { background: #3a3a3a; }
.ansi48-237 { background: #3a3a3a; }
.inv48-237 { color: #3a3a3a; }
.ansi38-238 { color: #444444; }
.inv38-238 { background: #444444; }
.ansi48-238 { background: #444444; }
.inv48-238 { color: #444444; }
.ansi38-239 { color: #4e4e4e; }
.inv38-239 { background: #4e4e4e; }
.ansi48-239 { background: #4e4e4e; }
.inv48-239 { color: #4e4e4e; }
.ansi38-240 { color: #585858; }
.inv38-240 { background: #585858; }
.ansi48-240 { background: #585858; }
.inv48-240 { color: #585858; }
.ansi38-241 { color: #626262; }
.inv38-241 { background: #626262; }
.ansi48-241 { background: #626262; }
.inv48-241 { color: #626262; }
.ansi38-242 { color: #6c6c6c; }
.inv38-242 { background: #6c6c6c; }
.ansi48-242 { background: #6c6c6c; }
.inv48-242 { color: #6c6c6c; }
.ansi38-243 { color: #767676; }
.inv38-243 { background: #767676; }
.ansi48-243 { background: #767676; }
.inv48-243 { color: #767676; }
.ansi38-244 { color: #808080; }
.inv38-244 { background: #808080; }
.ansi48-244 { background: #808080; }
.inv48-244 { color: #808080; }
.ansi38-245 { color: #8a8a8a; }
.inv38-245 { background: #8a8a8a; }
.ansi48-245 { background: #8a8a8a; }
.inv48-245 { color: #8a8a8a; }
.ansi38-246 { color: #949494; }
.inv38-246 { background: #949494; }
.ansi48-246 { background: #949494; }
.inv48-246 { color: #949494; }
.ansi38-247 { color: #9e9e9e; }
.inv38-247 { background: #9e9e9e; }
.ansi48-247 { background: #9e9e9e; }
.inv48-247 { color: #9e9e9e; }
.ansi38-248 { color: #a8a8a8; }
.inv38-248 { background: #a8a8a8; }
.ansi48-248 { background: #a8a8a8; }
.inv48-248 { color: #a8a8a8; }
.ansi38-249 { color: #b2b2b2; }
.inv38-249 { background: #b2b2b2; }
.ansi48-249 { background: #b2b2b2; }
.inv48-249 { color: #b2b2b2; }
.ansi38-250 { color: #bcbcbc; }
.inv38-250 { background: #bcbcbc; }
.ansi48-250 { background: #bcbcbc; }
.inv48-250 { color: #bcbcbc; }
.ansi38-251 { color: #c6c6c6; }
.inv38-251 { background: #c6c6c6; }
.ansi48-251 { background: #c6c6c6; }
.inv48-251 { color: #c6c6c6; }
.ansi38-252 { color: #d0d0d0; }
.inv38-252 { background: #d0d0d0; }
.ansi48-252 { background: #d0d0d0; }
.inv48-252 { color: #d0d0d0; }
.ansi38-253 { color: #dadada; }
.inv38-253 { background: #dadada; }
.ansi48-253 { background: #dadada; }
.inv48-253 { color: #dadada; }
.ansi38-254 { color: #e4e4e4; }
.inv38-254 { background: #e4e4e4; }
.ansi48-254 { background: #e4e4e4; }
.inv48-254 { color: #e4e4e4; }
.ansi38-255 { color: #eeeeee; }
.inv38-255 { background: #eeeeee; }
.ansi48-255 { background: #eeeeee; }
.inv48-255 { color: #eeeeee; }</style></head>
  <body onLoad="init()">
    <script>/* This Source Code Form is subject to the terms of the Mozilla Public
 * License, v. 2.0. If a copy of the MPL was not distributed with this file,
 * You can obtain one at http://mozilla.org/MPL/2.0/. */


function toArray(iter) {
    if (iter === null) {
        return null;
    }
    return Array.prototype.slice.call(iter);
}

function find(selector, elem) { // eslint-disable-line no-redeclare
    if (!elem) {
        elem = document;
    }
    return elem.querySelector(selector);
}

function find_all(selector, elem) {
    if (!elem) {
        elem = document;
    }
    return toArray(elem.querySelectorAll(selector));
}

function sort_column(elem) {
    toggle_sort_states(elem);
    const colIndex = toArray(elem.parentNode.childNodes).indexOf(elem);
    let key;
    if (elem.classList.contains('numeric')) {
        key = key_num;
    } else if (elem.classList.contains('result')) {
        key = key_result;
    } else if (elem.classList.contains('links')) {
        key = key_link;
    } else {
        key = key_alpha;
    }
    sort_table(elem, key(colIndex));
}

function show_all_extras() { // eslint-disable-line no-unused-vars
    find_all('.col-result').forEach(show_extras);
}

function hide_all_extras() { // eslint-disable-line no-unused-vars
    find_all('.col-result').forEach(hide_extras);
}

function show_extras(colresult_elem) {
    const extras = colresult_elem.parentNode.nextElementSibling;
    const expandcollapse = colresult_elem.firstElementChild;
    extras.classList.remove('collapsed');
    expandcollapse.classList.remove('expander');
    expandcollapse.classList.add('collapser');
}

function hide_extras(colresult_elem) {
    const extras = colresult_elem.parentNode.nextElementSibling;
    const expandcollapse = colresult_elem.firstElementChild;
    extras.classList.add('collapsed');
    expandcollapse.classList.remove('collapser');
    expandcollapse.classList.add('expander');
}

function show_filters() {
    const filter_items = document.getElementsByClassName('filter');
    for (let i = 0; i < filter_items.length; i++)
        filter_items[i].hidden = false;
}

function add_collapse() {
    // Add links for show/hide all
    const resulttable = find('table#results-table');
    const showhideall = document.createElement('p');
    showhideall.innerHTML = '<a href="javascript:show_all_extras()">Show all details</a> / ' +
                            '<a href="javascript:hide_all_extras()">Hide all details</a>';
    resulttable.parentElement.insertBefore(showhideall, resulttable);

    // Add show/hide link to each result
    find_all('.col-result').forEach(function(elem) {
        const collapsed = get_query_parameter('collapsed') || 'Passed';
        const extras = elem.parentNode.nextElementSibling;
        const expandcollapse = document.createElement('span');
        if (extras.classList.contains('collapsed')) {
            expandcollapse.classList.add('expander');
        } else if (collapsed.includes(elem.innerHTML)) {
            extras.classList.add('collapsed');
            expandcollapse.classList.add('expander');
        } else {
            expandcollapse.classList.add('collapser');
        }
        elem.appendChild(expandcollapse);

        elem.addEventListener('click', function(event) {
            if (event.currentTarget.parentNode.nextElementSibling.classList.contains('collapsed')) {
                show_extras(event.currentTarget);
            } else {
                hide_extras(event.currentTarget);
            }
        });
    });
}

function get_query_parameter(name) {
    const match = RegExp('[?&]' + name + '=([^&]*)').exec(window.location.search);
    return match && decodeURIComponent(match[1].replace(/\+/g, ' '));
}

function init () { // eslint-disable-line no-unused-vars
    reset_sort_headers();

    add_collapse();

    show_filters();

    sort_column(find('.initial-sort'));

    find_all('.sortable').forEach(function(elem) {
        elem.addEventListener('click',
            function() {
                sort_column(elem);
            }, false);
    });
}

function sort_table(clicked, key_func) {
    const rows = find_all('.results-table-row');
    const reversed = !clicked.classList.contains('asc');
    const sorted_rows = sort(rows, key_func, reversed);
    /* Whole table is removed here because browsers acts much slower
     * when appending existing elements.
     */
    const thead = document.getElementById('results-table-head');
    document.getElementById('results-table').remove();
    const parent = document.createElement('table');
    parent.id = 'results-table';
    parent.appendChild(thead);
    sorted_rows.forEach(function(elem) {
        parent.appendChild(elem);
    });
    document.getElementsByTagName('BODY')[0].appendChild(parent);
}

function sort(items, key_func, reversed) {
    const sort_array = items.map(function(item, i) {
        return [key_func(item), i];
    });

    sort_array.sort(function(a, b) {
        const key_a = a[0];
        const key_b = b[0];

        if (key_a == key_b) return 0;

        if (reversed) {
            return key_a < key_b ? 1 : -1;
        } else {
            return key_a > key_b ? 1 : -1;
        }
    });

    return sort_array.map(function(item) {
        const index = item[1];
        return items[index];
    });
}

function key_alpha(col_index) {
    return function(elem) {
        return elem.childNodes[1].childNodes[col_index].firstChild.data.toLowerCase();
    };
}

function key_num(col_index) {
    return function(elem) {
        return parseFloat(elem.childNodes[1].childNodes[col_index].firstChild.data);
    };
}

function key_link(col_index) {
    return function(elem) {
        const dataCell = elem.childNodes[1].childNodes[col_index].firstChild;
        return dataCell == null ? '' : dataCell.innerText.toLowerCase();
    };
}

function key_result(col_index) {
    return function(elem) {
        const strings = ['Error', 'Failed', 'Rerun', 'XFailed', 'XPassed',
            'Skipped', 'Passed'];
        return strings.indexOf(elem.childNodes[1].childNodes[col_index].firstChild.data);
    };
}

function reset_sort_headers() {
    find_all('.sort-icon').forEach(function(elem) {
        elem.parentNode.removeChild(elem);
    });
    find_all('.sortable').forEach(function(elem) {
        const icon = document.createElement('div');
        icon.className = 'sort-icon';
        icon.textContent = 'vvv';
        elem.insertBefore(icon, elem.firstChild);
        elem.classList.remove('desc', 'active');
        elem.classList.add('asc', 'inactive');
    });
}

function toggle_sort_states(elem) {
    //if active, toggle between asc and desc
    if (elem.classList.contains('active')) {
        elem.classList.toggle('asc');
        elem.classList.toggle('desc');
    }

    //if inactive, reset all other functions and add ascending active
    if (elem.classList.contains('inactive')) {
        reset_sort_headers();
        elem.classList.remove('inactive');
        elem.classList.add('active');
    }
}

function is_all_rows_hidden(value) {
    return value.hidden == false;
}

function filter_table(elem) { // eslint-disable-line no-unused-vars
    const outcome_att = 'data-test-result';
    const outcome = elem.getAttribute(outcome_att);
    const class_outcome = outcome + ' results-table-row';
    const outcome_rows = document.getElementsByClassName(class_outcome);

    for(let i = 0; i < outcome_rows.length; i++){
        outcome_rows[i].hidden = !elem.checked;
    }

    const rows = find_all('.results-table-row').filter(is_all_rows_hidden);
    const all_rows_hidden = rows.length == 0 ? true : false;
    const not_found_message = document.getElementById('not-found-message');
    not_found_message.hidden = !all_rows_hidden;
}
</script>
    <h1>report.html</h1>
    <p>Report generated on 26-Nov-2020 at 15:38:53 by <a href="https://pypi.python.org/pypi/pytest-html">pytest-html</a> v3.0.1.dev4</p>
    <h2>Environment</h2>
    <table id="environment">
      <tr>
        <td>Packages</td>
        <td>{"pluggy": "0.13.1", "py": "1.9.0", "pytest": "6.1.2"}</td></tr>
      <tr>
        <td>Platform</td>
        <td>Linux-5.8.0-29-generic-x86_64-with-glibc2.32</td></tr>
      <tr>
        <td>Plugins</td>
        <td>{"forked": "1.3.0", "html": "3.0.1.dev4", "metadata": "1.10.0", "mock": "3.3.1", "rerunfailures": "9.1.1", "xdist": "2.1.0"}</td></tr>
      <tr>
        <td>Python</td>
        <td>3.8.6</td></tr></table>
    <h2>Summary</h2>
    <p>84 tests ran in 9.47 seconds. </p>
    <p class="filter" hidden="true">(Un)check the boxes to filter the results.</p><input checked="true" class="filter" data-test-result="passed" hidden="true" name="filter_checkbox" onChange="filter_table(this)" type="checkbox"/><span class="passed">84 passed</span>, <input checked="true" class="filter" data-test-result="skipped" disabled="true" hidden="true" name="filter_checkbox" onChange="filter_table(this)" type="checkbox"/><span class="skipped">0 skipped</span>, <input checked="true" class="filter" data-test-result="failed" disabled="true" hidden="true" name="filter_checkbox" onChange="filter_table(this)" type="checkbox"/><span class="failed">0 failed</span>, <input checked="true" class="filter" data-test-result="error" disabled="true" hidden="true" name="filter_checkbox" onChange="filter_table(this)" type="checkbox"/><span class="error">0 errors</span>, <input checked="true" class="filter" data-test-result="xfailed" disabled="true" hidden="true" name="filter_checkbox" onChange="filter_table(this)" type="checkbox"/><span class="xfailed">0 expected failures</span>, <input checked="true" class="filter" data-test-result="xpassed" disabled="true" hidden="true" name="filter_checkbox" onChange="filter_table(this)" type="checkbox"/><span class="xpassed">0 unexpected passes</span>, <input checked="true" class="filter" data-test-result="rerun" disabled="true" hidden="true" name="filter_checkbox" onChange="filter_table(this)" type="checkbox"/><span class="rerun">0 rerun</span>
    <h2>Results</h2>
    <table id="results-table">
      <thead id="results-table-head">
        <tr>
          <th class="sortable result initial-sort" col="result">Result</th>
          <th class="sortable" col="name">Test</th>
          <th class="sortable numeric" col="duration">Duration</th>
          <th class="sortable links" col="links">Links</th></tr>
        <tr hidden="true" id="not-found-message">
          <th colspan="4">No results found. Try to check the filters</th></tr></thead>
      <tbody class="passed results-table-row">
        <tr>
          <td class="col-result">Passed</td>
          <td class="col-name">testing/test_pytest_html.py::TestHTML::test_durations</td>
          <td class="col-duration">0.49</td>
          <td class="col-links"></td></tr>
        <tr>
          <td class="extra" colspan="4">
            <div class="log"> ------------------------------Captured stdout call------------------------------ <br/>============================= test session starts ==============================
platform linux -- Python 3.8.6, pytest-6.1.2, py-1.9.0, pluggy-0.13.1
rootdir: /tmp/pytest-of-flow/pytest-1267/test_durations0
plugins: metadata-1.10.0, mock-3.3.1, xdist-2.1.0, rerunfailures-9.1.1, html-3.0.1.dev4, forked-1.3.0
collected 1 item

test_durations.py .                                                      [100%]

- generated html file: file:///tmp/pytest-of-flow/pytest-1267/test_durations0/report.html -
============================== 1 passed in 0.43s ===============================
<br/></div></td></tr></tbody>
      <tbody class="passed results-table-row">
        <tr>
          <td class="col-result">Passed</td>
          <td class="col-name">testing/test_pytest_html.py::TestHTML::test_pass</td>
          <td class="col-duration">0.07</td>
          <td class="col-links"></td></tr>
        <tr>
          <td class="extra" colspan="4">
            <div class="log"> ------------------------------Captured stdout call------------------------------ <br/>============================= test session starts ==============================
platform linux -- Python 3.8.6, pytest-6.1.2, py-1.9.0, pluggy-0.13.1
rootdir: /tmp/pytest-of-flow/pytest-1267/test_pass0
plugins: metadata-1.10.0, mock-3.3.1, xdist-2.1.0, rerunfailures-9.1.1, html-3.0.1.dev4, forked-1.3.0
collected 1 item

test_pass.py .                                                           [100%]

- generated html file: file:///tmp/pytest-of-flow/pytest-1267/test_pass0/report.html -
============================== 1 passed in 0.02s ===============================
<br/></div></td></tr></tbody>
      <tbody class="passed results-table-row">
        <tr>
          <td class="col-result">Passed</td>
          <td class="col-name">testing/test_pytest_html.py::TestHTML::test_skip</td>
          <td class="col-duration">0.07</td>
          <td class="col-links"></td></tr>
        <tr>
          <td class="extra" colspan="4">
            <div class="log"> ------------------------------Captured stdout call------------------------------ <br/>============================= test session starts ==============================
platform linux -- Python 3.8.6, pytest-6.1.2, py-1.9.0, pluggy-0.13.1
rootdir: /tmp/pytest-of-flow/pytest-1267/test_skip0
plugins: metadata-1.10.0, mock-3.3.1, xdist-2.1.0, rerunfailures-9.1.1, html-3.0.1.dev4, forked-1.3.0
collected 1 item

test_skip.py s                                                           [100%]

- generated html file: file:///tmp/pytest-of-flow/pytest-1267/test_skip0/report.html -
============================== 1 skipped in 0.02s ==============================
<br/></div></td></tr></tbody>
      <tbody class="passed results-table-row">
        <tr>
          <td class="col-result">Passed</td>
          <td class="col-name">testing/test_pytest_html.py::TestHTML::test_fail</td>
          <td class="col-duration">0.10</td>
          <td class="col-links"></td></tr>
        <tr>
          <td class="extra" colspan="4">
            <div class="log"> ------------------------------Captured stdout call------------------------------ <br/>============================= test session starts ==============================
platform linux -- Python 3.8.6, pytest-6.1.2, py-1.9.0, pluggy-0.13.1
rootdir: /tmp/pytest-of-flow/pytest-1267/test_fail0
plugins: metadata-1.10.0, mock-3.3.1, xdist-2.1.0, rerunfailures-9.1.1, html-3.0.1.dev4, forked-1.3.0
collected 1 item

test_fail.py F                                                           [100%]

=================================== FAILURES ===================================
__________________________________ test_fail ___________________________________

&gt;   def test_fail(): assert False
E   assert False

test_fail.py:1: AssertionError
- generated html file: file:///tmp/pytest-of-flow/pytest-1267/test_fail0/report.html -
=========================== short test summary info ============================
FAILED test_fail.py::test_fail - assert False
============================== 1 failed in 0.04s ===============================
<br/></div></td></tr></tbody>
      <tbody class="passed results-table-row">
        <tr>
          <td class="col-result">Passed</td>
          <td class="col-name">testing/test_pytest_html.py::TestHTML::test_rerun</td>
          <td class="col-duration">0.11</td>
          <td class="col-links"></td></tr>
        <tr>
          <td class="extra" colspan="4">
            <div class="log"> ------------------------------Captured stdout call------------------------------ <br/>============================= test session starts ==============================
platform linux -- Python 3.8.6, pytest-6.1.2, py-1.9.0, pluggy-0.13.1
rootdir: /tmp/pytest-of-flow/pytest-1267/test_rerun0
plugins: metadata-1.10.0, mock-3.3.1, xdist-2.1.0, rerunfailures-9.1.1, html-3.0.1.dev4, forked-1.3.0
collected 1 item

test_rerun.py R                                                          [100%]R [100%]R [100%]R [100%]R [100%]F [100%]

=================================== FAILURES ===================================
_________________________________ test_example _________________________________

    @pytest.mark.flaky(reruns=5)
    def test_example():
&gt;       assert False
E       assert False

test_rerun.py:4: AssertionError
- generated html file: file:///tmp/pytest-of-flow/pytest-1267/test_rerun0/report.html -
=========================== short test summary info ============================
FAILED test_rerun.py::test_example - assert False
========================== 1 failed, 5 rerun in 0.04s ==========================
<br/></div></td></tr></tbody>
      <tbody class="passed results-table-row">
        <tr>
          <td class="col-result">Passed</td>
          <td class="col-name">testing/test_pytest_html.py::TestHTML::test_no_rerun</td>
          <td class="col-duration">0.07</td>
          <td class="col-links"></td></tr>
        <tr>
          <td class="extra" colspan="4">
            <div class="log"> ------------------------------Captured stdout call------------------------------ <br/>============================= test session starts ==============================
platform linux -- Python 3.8.6, pytest-6.1.2, py-1.9.0, pluggy-0.13.1
rootdir: /tmp/pytest-of-flow/pytest-1267/test_no_rerun0
plugins: metadata-1.10.0, mock-3.3.1, xdist-2.1.0, html-3.0.1.dev4, forked-1.3.0
collected 1 item

test_no_rerun.py .                                                       [100%]

- generated html file: file:///tmp/pytest-of-flow/pytest-1267/test_no_rerun0/report.html -
============================== 1 passed in 0.02s ===============================
<br/></div></td></tr></tbody>
      <tbody class="passed results-table-row">
        <tr>
          <td class="col-result">Passed</td>
          <td class="col-name">testing/test_pytest_html.py::TestHTML::test_conditional_xfails</td>
          <td class="col-duration">0.09</td>
          <td class="col-links"></td></tr>
        <tr>
          <td class="extra" colspan="4">
            <div class="log"> ------------------------------Captured stdout call------------------------------ <br/>============================= test session starts ==============================
platform linux -- Python 3.8.6, pytest-6.1.2, py-1.9.0, pluggy-0.13.1
rootdir: /tmp/pytest-of-flow/pytest-1267/test_conditional_xfails0
plugins: metadata-1.10.0, mock-3.3.1, xdist-2.1.0, rerunfailures-9.1.1, html-3.0.1.dev4, forked-1.3.0
collected 4 items

test_conditional_xfails.py F.xX                                          [100%]

=================================== FAILURES ===================================
__________________________________ test_fail ___________________________________

    @pytest.mark.xfail(False, reason=&#x27;reason&#x27;)
&gt;   def test_fail(): assert False
E   assert False

test_conditional_xfails.py:3: AssertionError
- generated html file: file:///tmp/pytest-of-flow/pytest-1267/test_conditional_xfails0/report.html -
=========================== short test summary info ============================
FAILED test_conditional_xfails.py::test_fail - assert False
============== 1 failed, 1 passed, 1 xfailed, 1 xpassed in 0.04s ===============
<br/></div></td></tr></tbody>
      <tbody class="passed results-table-row">
        <tr>
          <td class="col-result">Passed</td>
          <td class="col-name">testing/test_pytest_html.py::TestHTML::test_setup_error</td>
          <td class="col-duration">0.08</td>
          <td class="col-links"></td></tr>
        <tr>
          <td class="extra" colspan="4">
            <div class="log"> ------------------------------Captured stdout call------------------------------ <br/>============================= test session starts ==============================
platform linux -- Python 3.8.6, pytest-6.1.2, py-1.9.0, pluggy-0.13.1
rootdir: /tmp/pytest-of-flow/pytest-1267/test_setup_error0
plugins: metadata-1.10.0, mock-3.3.1, xdist-2.1.0, rerunfailures-9.1.1, html-3.0.1.dev4, forked-1.3.0
collected 1 item

test_setup_error.py E                                                    [100%]

==================================== ERRORS ====================================
_______________________ ERROR at setup of test_function ________________________

request = &lt;SubRequest &#x27;arg&#x27; for &lt;Function test_function&gt;&gt;

    @pytest.fixture
    def arg(request):
&gt;       raise ValueError()
E       ValueError

test_setup_error.py:4: ValueError
- generated html file: file:///tmp/pytest-of-flow/pytest-1267/test_setup_error0/report.html -
=========================== short test summary info ============================
ERROR test_setup_error.py::test_function - ValueError
=============================== 1 error in 0.02s ===============================
<br/></div></td></tr></tbody>
      <tbody class="passed results-table-row">
        <tr>
          <td class="col-result">Passed</td>
          <td class="col-name">testing/test_pytest_html.py::TestHTML::test_xfail</td>
          <td class="col-duration">0.08</td>
          <td class="col-links"></td></tr>
        <tr>
          <td class="extra" colspan="4">
            <div class="log"> ------------------------------Captured stdout call------------------------------ <br/>============================= test session starts ==============================
platform linux -- Python 3.8.6, pytest-6.1.2, py-1.9.0, pluggy-0.13.1
rootdir: /tmp/pytest-of-flow/pytest-1267/test_xfail0
plugins: metadata-1.10.0, mock-3.3.1, xdist-2.1.0, rerunfailures-9.1.1, html-3.0.1.dev4, forked-1.3.0
collected 1 item

test_xfail.py x                                                          [100%]

- generated html file: file:///tmp/pytest-of-flow/pytest-1267/test_xfail0/report.html -
============================== 1 xfailed in 0.02s ==============================
<br/></div></td></tr></tbody>
      <tbody class="passed results-table-row">
        <tr>
          <td class="col-result">Passed</td>
          <td class="col-name">testing/test_pytest_html.py::TestHTML::test_xpass</td>
          <td class="col-duration">0.08</td>
          <td class="col-links"></td></tr>
        <tr>
          <td class="extra" colspan="4">
            <div class="log"> ------------------------------Captured stdout call------------------------------ <br/>============================= test session starts ==============================
platform linux -- Python 3.8.6, pytest-6.1.2, py-1.9.0, pluggy-0.13.1
rootdir: /tmp/pytest-of-flow/pytest-1267/test_xpass0
plugins: metadata-1.10.0, mock-3.3.1, xdist-2.1.0, rerunfailures-9.1.1, html-3.0.1.dev4, forked-1.3.0
collected 1 item

test_xpass.py X                                                          [100%]

- generated html file: file:///tmp/pytest-of-flow/pytest-1267/test_xpass0/report.html -
============================== 1 xpassed in 0.02s ==============================
<br/></div></td></tr></tbody>
      <tbody class="passed results-table-row">
        <tr>
          <td class="col-result">Passed</td>
          <td class="col-name">testing/test_pytest_html.py::TestHTML::test_create_report_path</td>
          <td class="col-duration">0.08</td>
          <td class="col-links"></td></tr>
        <tr>
          <td class="extra" colspan="4">
            <div class="log"> ------------------------------Captured stdout call------------------------------ <br/>============================= test session starts ==============================
platform linux -- Python 3.8.6, pytest-6.1.2, py-1.9.0, pluggy-0.13.1
rootdir: /tmp/pytest-of-flow/pytest-1267/test_create_report_path0
plugins: metadata-1.10.0, mock-3.3.1, xdist-2.1.0, rerunfailures-9.1.1, html-3.0.1.dev4, forked-1.3.0
collected 1 item

test_create_report_path.py .                                             [100%]

- generated html file: file:///tmp/pytest-of-flow/pytest-1267/test_create_report_path0/directory/report.html -
============================== 1 passed in 0.02s ===============================
<br/></div></td></tr></tbody>
      <tbody class="passed results-table-row">
        <tr>
          <td class="col-result">Passed</td>
          <td class="col-name">testing/test_pytest_html.py::TestHTML::test_report_title[]</td>
          <td class="col-duration">0.07</td>
          <td class="col-links"></td></tr>
        <tr>
          <td class="extra" colspan="4">
            <div class="log"> ------------------------------Captured stdout call------------------------------ <br/>============================= test session starts ==============================
platform linux -- Python 3.8.6, pytest-6.1.2, py-1.9.0, pluggy-0.13.1
rootdir: /tmp/pytest-of-flow/pytest-1267/test_report_title0
plugins: metadata-1.10.0, mock-3.3.1, xdist-2.1.0, rerunfailures-9.1.1, html-3.0.1.dev4, forked-1.3.0
collected 1 item

test_report_title.py .                                                   [100%]

- generated html file: file:///tmp/pytest-of-flow/pytest-1267/test_report_title0/report.html -
============================== 1 passed in 0.02s ===============================
<br/></div></td></tr></tbody>
      <tbody class="passed results-table-row">
        <tr>
          <td class="col-result">Passed</td>
          <td class="col-name">testing/test_pytest_html.py::TestHTML::test_report_title[directory]</td>
          <td class="col-duration">0.07</td>
          <td class="col-links"></td></tr>
        <tr>
          <td class="extra" colspan="4">
            <div class="log"> ------------------------------Captured stdout call------------------------------ <br/>============================= test session starts ==============================
platform linux -- Python 3.8.6, pytest-6.1.2, py-1.9.0, pluggy-0.13.1
rootdir: /tmp/pytest-of-flow/pytest-1267/test_report_title1
plugins: metadata-1.10.0, mock-3.3.1, xdist-2.1.0, rerunfailures-9.1.1, html-3.0.1.dev4, forked-1.3.0
collected 1 item

test_report_title.py .                                                   [100%]

- generated html file: file:///tmp/pytest-of-flow/pytest-1267/test_report_title1/directory/report.html -
============================== 1 passed in 0.02s ===============================
<br/></div></td></tr></tbody>
      <tbody class="passed results-table-row">
        <tr>
          <td class="col-result">Passed</td>
          <td class="col-name">testing/test_pytest_html.py::TestHTML::test_report_title_addopts_env_var</td>
          <td class="col-duration">0.07</td>
          <td class="col-links"></td></tr>
        <tr>
          <td class="extra" colspan="4">
            <div class="log"> ------------------------------Captured stdout call------------------------------ <br/>============================= test session starts ==============================
platform linux -- Python 3.8.6, pytest-6.1.2, py-1.9.0, pluggy-0.13.1
rootdir: /tmp/pytest-of-flow/pytest-1267/test_report_title_addopts_env_var0, configfile: pytest.ini
plugins: metadata-1.10.0, mock-3.3.1, xdist-2.1.0, rerunfailures-9.1.1, html-3.0.1.dev4, forked-1.3.0
collected 1 item

test_report_title_addopts_env_var.py .                                   [100%]

- generated html file: file:///tmp/pytest-of-flow/pytest-1267/test_report_title_addopts_env_var0/MuhReport -
============================== 1 passed in 0.02s ===============================
<br/></div></td></tr></tbody>
      <tbody class="passed results-table-row">
        <tr>
          <td class="col-result">Passed</td>
          <td class="col-name">testing/test_pytest_html.py::TestHTML::test_resources_inline_css</td>
          <td class="col-duration">0.10</td>
          <td class="col-links"></td></tr>
        <tr>
          <td class="extra" colspan="4">
            <div class="log"> ------------------------------Captured stdout call------------------------------ <br/>============================= test session starts ==============================
platform linux -- Python 3.8.6, pytest-6.1.2, py-1.9.0, pluggy-0.13.1
rootdir: /tmp/pytest-of-flow/pytest-1267/test_resources_inline_css0
plugins: metadata-1.10.0, mock-3.3.1, xdist-2.1.0, rerunfailures-9.1.1, html-3.0.1.dev4, forked-1.3.0
collected 1 item

test_resources_inline_css.py .                                           [100%]

- generated html file: file:///tmp/pytest-of-flow/pytest-1267/test_resources_inline_css0/report.html -
============================== 1 passed in 0.02s ===============================
<br/></div></td></tr></tbody>
      <tbody class="passed results-table-row">
        <tr>
          <td class="col-result">Passed</td>
          <td class="col-name">testing/test_pytest_html.py::TestHTML::test_resources</td>
          <td class="col-duration">0.07</td>
          <td class="col-links"></td></tr>
        <tr>
          <td class="extra" colspan="4">
            <div class="log"> ------------------------------Captured stdout call------------------------------ <br/>============================= test session starts ==============================
platform linux -- Python 3.8.6, pytest-6.1.2, py-1.9.0, pluggy-0.13.1
rootdir: /tmp/pytest-of-flow/pytest-1267/test_resources0
plugins: metadata-1.10.0, mock-3.3.1, xdist-2.1.0, rerunfailures-9.1.1, html-3.0.1.dev4, forked-1.3.0
collected 1 item

test_resources.py .                                                      [100%]

- generated html file: file:///tmp/pytest-of-flow/pytest-1267/test_resources0/report.html -
============================== 1 passed in 0.02s ===============================
<br/></div></td></tr></tbody>
      <tbody class="passed results-table-row">
        <tr>
          <td class="col-result">Passed</td>
          <td class="col-name">testing/test_pytest_html.py::TestHTML::test_stdout[pass]</td>
          <td class="col-duration">0.07</td>
          <td class="col-links"></td></tr>
        <tr>
          <td class="extra" colspan="4">
            <div class="log"> ------------------------------Captured stdout call------------------------------ <br/>============================= test session starts ==============================
platform linux -- Python 3.8.6, pytest-6.1.2, py-1.9.0, pluggy-0.13.1
rootdir: /tmp/pytest-of-flow/pytest-1267/test_stdout0
plugins: metadata-1.10.0, mock-3.3.1, xdist-2.1.0, rerunfailures-9.1.1, html-3.0.1.dev4, forked-1.3.0
collected 1 item

test_stdout.py .                                                         [100%]

- generated html file: file:///tmp/pytest-of-flow/pytest-1267/test_stdout0/report.html -
============================== 1 passed in 0.02s ===============================
<br/></div></td></tr></tbody>
      <tbody class="passed results-table-row">
        <tr>
          <td class="col-result">Passed</td>
          <td class="col-name">testing/test_pytest_html.py::TestHTML::test_stdout[fail]</td>
          <td class="col-duration">0.08</td>
          <td class="col-links"></td></tr>
        <tr>
          <td class="extra" colspan="4">
            <div class="log"> ------------------------------Captured stdout call------------------------------ <br/>============================= test session starts ==============================
platform linux -- Python 3.8.6, pytest-6.1.2, py-1.9.0, pluggy-0.13.1
rootdir: /tmp/pytest-of-flow/pytest-1267/test_stdout1
plugins: metadata-1.10.0, mock-3.3.1, xdist-2.1.0, rerunfailures-9.1.1, html-3.0.1.dev4, forked-1.3.0
collected 1 item

test_stdout.py F                                                         [100%]

=================================== FAILURES ===================================
_________________________________ test_stdout __________________________________

    def test_stdout():
        print(&#x27;&lt;spam&gt;ham&lt;/spam&gt;&#x27;)
&gt;       assert f&#x27;fail&#x27; == &#x27;pass&#x27;
E       AssertionError: assert &#x27;fail&#x27; == &#x27;pass&#x27;
E         - pass
E         + fail

test_stdout.py:3: AssertionError
----------------------------- Captured stdout call -----------------------------
&lt;spam&gt;ham&lt;/spam&gt;
- generated html file: file:///tmp/pytest-of-flow/pytest-1267/test_stdout1/report.html -
=========================== short test summary info ============================
FAILED test_stdout.py::test_stdout - AssertionError: assert &#x27;fail&#x27; == &#x27;pass&#x27;
============================== 1 failed in 0.02s ===============================
<br/></div></td></tr></tbody>
      <tbody class="passed results-table-row">
        <tr>
          <td class="col-result">Passed</td>
          <td class="col-name">testing/test_pytest_html.py::TestHTML::test_custom_content_in_summary</td>
          <td class="col-duration">0.07</td>
          <td class="col-links"></td></tr>
        <tr>
          <td class="extra" colspan="4">
            <div class="log"> ------------------------------Captured stdout call------------------------------ <br/>============================= test session starts ==============================
platform linux -- Python 3.8.6, pytest-6.1.2, py-1.9.0, pluggy-0.13.1
rootdir: /tmp/pytest-of-flow/pytest-1267/test_custom_content_in_summary0
plugins: metadata-1.10.0, mock-3.3.1, xdist-2.1.0, rerunfailures-9.1.1, html-3.0.1.dev4, forked-1.3.0
collected 1 item

test_custom_content_in_summary.py .                                      [100%]

- generated html file: file:///tmp/pytest-of-flow/pytest-1267/test_custom_content_in_summary0/report.html -
============================== 1 passed in 0.02s ===============================
<br/></div></td></tr></tbody>
      <tbody class="passed results-table-row">
        <tr>
          <td class="col-result">Passed</td>
          <td class="col-name">testing/test_pytest_html.py::TestHTML::test_extra_html</td>
          <td class="col-duration">0.07</td>
          <td class="col-links"></td></tr>
        <tr>
          <td class="extra" colspan="4">
            <div class="log"> ------------------------------Captured stdout call------------------------------ <br/>============================= test session starts ==============================
platform linux -- Python 3.8.6, pytest-6.1.2, py-1.9.0, pluggy-0.13.1
rootdir: /tmp/pytest-of-flow/pytest-1267/test_extra_html0
plugins: metadata-1.10.0, mock-3.3.1, xdist-2.1.0, rerunfailures-9.1.1, html-3.0.1.dev4, forked-1.3.0
collected 1 item

test_extra_html.py .                                                     [100%]

- generated html file: file:///tmp/pytest-of-flow/pytest-1267/test_extra_html0/report.html -
============================== 1 passed in 0.02s ===============================
<br/></div></td></tr></tbody>
      <tbody class="passed results-table-row">
        <tr>
          <td class="col-result">Passed</td>
          <td class="col-name">testing/test_pytest_html.py::TestHTML::test_extra_text[u&apos;&apos;-woE=]</td>
          <td class="col-duration">0.07</td>
          <td class="col-links"></td></tr>
        <tr>
          <td class="extra" colspan="4">
            <div class="log"> ------------------------------Captured stdout call------------------------------ <br/>============================= test session starts ==============================
platform linux -- Python 3.8.6, pytest-6.1.2, py-1.9.0, pluggy-0.13.1
rootdir: /tmp/pytest-of-flow/pytest-1267/test_extra_text0
plugins: metadata-1.10.0, mock-3.3.1, xdist-2.1.0, rerunfailures-9.1.1, html-3.0.1.dev4, forked-1.3.0
collected 1 item

test_extra_text.py .                                                     [100%]

- generated html file: file:///tmp/pytest-of-flow/pytest-1267/test_extra_text0/report.html -
============================== 1 passed in 0.02s ===============================
<br/></div></td></tr></tbody>
      <tbody class="passed results-table-row">
        <tr>
          <td class="col-result">Passed</td>
          <td class="col-name">testing/test_pytest_html.py::TestHTML::test_extra_text[&apos;foo&apos;-Zm9v]</td>
          <td class="col-duration">0.07</td>
          <td class="col-links"></td></tr>
        <tr>
          <td class="extra" colspan="4">
            <div class="log"> ------------------------------Captured stdout call------------------------------ <br/>============================= test session starts ==============================
platform linux -- Python 3.8.6, pytest-6.1.2, py-1.9.0, pluggy-0.13.1
rootdir: /tmp/pytest-of-flow/pytest-1267/test_extra_text1
plugins: metadata-1.10.0, mock-3.3.1, xdist-2.1.0, rerunfailures-9.1.1, html-3.0.1.dev4, forked-1.3.0
collected 1 item

test_extra_text.py .                                                     [100%]

- generated html file: file:///tmp/pytest-of-flow/pytest-1267/test_extra_text1/report.html -
============================== 1 passed in 0.02s ===============================
<br/></div></td></tr></tbody>
      <tbody class="passed results-table-row">
        <tr>
          <td class="col-result">Passed</td>
          <td class="col-name">testing/test_pytest_html.py::TestHTML::test_extra_text[b&apos;\xe2\x80\x93&apos;-4oCT]</td>
          <td class="col-duration">0.07</td>
          <td class="col-links"></td></tr>
        <tr>
          <td class="extra" colspan="4">
            <div class="log"> ------------------------------Captured stdout call------------------------------ <br/>============================= test session starts ==============================
platform linux -- Python 3.8.6, pytest-6.1.2, py-1.9.0, pluggy-0.13.1
rootdir: /tmp/pytest-of-flow/pytest-1267/test_extra_text2
plugins: metadata-1.10.0, mock-3.3.1, xdist-2.1.0, rerunfailures-9.1.1, html-3.0.1.dev4, forked-1.3.0
collected 1 item

test_extra_text.py .                                                     [100%]

- generated html file: file:///tmp/pytest-of-flow/pytest-1267/test_extra_text2/report.html -
============================== 1 passed in 0.02s ===============================
<br/></div></td></tr></tbody>
      <tbody class="passed results-table-row">
        <tr>
          <td class="col-result">Passed</td>
          <td class="col-name">testing/test_pytest_html.py::TestHTML::test_extra_json</td>
          <td class="col-duration">0.07</td>
          <td class="col-links"></td></tr>
        <tr>
          <td class="extra" colspan="4">
            <div class="log"> ------------------------------Captured stdout call------------------------------ <br/>============================= test session starts ==============================
platform linux -- Python 3.8.6, pytest-6.1.2, py-1.9.0, pluggy-0.13.1
rootdir: /tmp/pytest-of-flow/pytest-1267/test_extra_json0
plugins: metadata-1.10.0, mock-3.3.1, xdist-2.1.0, rerunfailures-9.1.1, html-3.0.1.dev4, forked-1.3.0
collected 1 item

test_extra_json.py .                                                     [100%]

- generated html file: file:///tmp/pytest-of-flow/pytest-1267/test_extra_json0/report.html -
============================== 1 passed in 0.02s ===============================
<br/></div></td></tr></tbody>
      <tbody class="passed results-table-row">
        <tr>
          <td class="col-result">Passed</td>
          <td class="col-name">testing/test_pytest_html.py::TestHTML::test_extra_url</td>
          <td class="col-duration">0.08</td>
          <td class="col-links"></td></tr>
        <tr>
          <td class="extra" colspan="4">
            <div class="log"> ------------------------------Captured stdout call------------------------------ <br/>============================= test session starts ==============================
platform linux -- Python 3.8.6, pytest-6.1.2, py-1.9.0, pluggy-0.13.1
rootdir: /tmp/pytest-of-flow/pytest-1267/test_extra_url0
plugins: metadata-1.10.0, mock-3.3.1, xdist-2.1.0, rerunfailures-9.1.1, html-3.0.1.dev4, forked-1.3.0
collected 1 item

test_extra_url.py .                                                      [100%]

- generated html file: file:///tmp/pytest-of-flow/pytest-1267/test_extra_url0/report.html -
============================== 1 passed in 0.02s ===============================
<br/></div></td></tr></tbody>
      <tbody class="passed results-table-row">
        <tr>
          <td class="col-result">Passed</td>
          <td class="col-name">testing/test_pytest_html.py::TestHTML::test_extra_image[image/png-png]</td>
          <td class="col-duration">0.12</td>
          <td class="col-links"></td></tr>
        <tr>
          <td class="extra" colspan="4">
            <div class="log"> ------------------------------Captured stdout call------------------------------ <br/>============================= test session starts ==============================
platform linux -- Python 3.8.6, pytest-6.1.2, py-1.9.0, pluggy-0.13.1
rootdir: /tmp/pytest-of-flow/pytest-1267/test_extra_image0
plugins: metadata-1.10.0, mock-3.3.1, xdist-2.1.0, rerunfailures-9.1.1, html-3.0.1.dev4, forked-1.3.0
collected 1 item

test_extra_image.py .                                                    [100%]

- generated html file: file:///tmp/pytest-of-flow/pytest-1267/test_extra_image0/report.html -
============================== 1 passed in 0.02s ===============================
<br/></div></td></tr></tbody>
      <tbody class="passed results-table-row">
        <tr>
          <td class="col-result">Passed</td>
          <td class="col-name">testing/test_pytest_html.py::TestHTML::test_extra_image[image/png-image]</td>
          <td class="col-duration">0.07</td>
          <td class="col-links"></td></tr>
        <tr>
          <td class="extra" colspan="4">
            <div class="log"> ------------------------------Captured stdout call------------------------------ <br/>============================= test session starts ==============================
platform linux -- Python 3.8.6, pytest-6.1.2, py-1.9.0, pluggy-0.13.1
rootdir: /tmp/pytest-of-flow/pytest-1267/test_extra_image1
plugins: metadata-1.10.0, mock-3.3.1, xdist-2.1.0, rerunfailures-9.1.1, html-3.0.1.dev4, forked-1.3.0
collected 1 item

test_extra_image.py .                                                    [100%]

- generated html file: file:///tmp/pytest-of-flow/pytest-1267/test_extra_image1/report.html -
============================== 1 passed in 0.02s ===============================
<br/></div></td></tr></tbody>
      <tbody class="passed results-table-row">
        <tr>
          <td class="col-result">Passed</td>
          <td class="col-name">testing/test_pytest_html.py::TestHTML::test_extra_image[image/jpeg-jpg]</td>
          <td class="col-duration">0.07</td>
          <td class="col-links"></td></tr>
        <tr>
          <td class="extra" colspan="4">
            <div class="log"> ------------------------------Captured stdout call------------------------------ <br/>============================= test session starts ==============================
platform linux -- Python 3.8.6, pytest-6.1.2, py-1.9.0, pluggy-0.13.1
rootdir: /tmp/pytest-of-flow/pytest-1267/test_extra_image2
plugins: metadata-1.10.0, mock-3.3.1, xdist-2.1.0, rerunfailures-9.1.1, html-3.0.1.dev4, forked-1.3.0
collected 1 item

test_extra_image.py .                                                    [100%]

- generated html file: file:///tmp/pytest-of-flow/pytest-1267/test_extra_image2/report.html -
============================== 1 passed in 0.02s ===============================
<br/></div></td></tr></tbody>
      <tbody class="passed results-table-row">
        <tr>
          <td class="col-result">Passed</td>
          <td class="col-name">testing/test_pytest_html.py::TestHTML::test_extra_image[image/svg+xml-svg]</td>
          <td class="col-duration">0.07</td>
          <td class="col-links"></td></tr>
        <tr>
          <td class="extra" colspan="4">
            <div class="log"> ------------------------------Captured stdout call------------------------------ <br/>============================= test session starts ==============================
platform linux -- Python 3.8.6, pytest-6.1.2, py-1.9.0, pluggy-0.13.1
rootdir: /tmp/pytest-of-flow/pytest-1267/test_extra_image3
plugins: metadata-1.10.0, mock-3.3.1, xdist-2.1.0, rerunfailures-9.1.1, html-3.0.1.dev4, forked-1.3.0
collected 1 item

test_extra_image.py .                                                    [100%]

- generated html file: file:///tmp/pytest-of-flow/pytest-1267/test_extra_image3/report.html -
============================== 1 passed in 0.02s ===============================
<br/></div></td></tr></tbody>
      <tbody class="passed results-table-row">
        <tr>
          <td class="col-result">Passed</td>
          <td class="col-name">testing/test_pytest_html.py::TestHTML::test_extra_image_windows</td>
          <td class="col-duration">0.07</td>
          <td class="col-links"></td></tr>
        <tr>
          <td class="extra" colspan="4">
            <div class="log"> ------------------------------Captured stdout call------------------------------ <br/>============================= test session starts ==============================
platform linux -- Python 3.8.6, pytest-6.1.2, py-1.9.0, pluggy-0.13.1
rootdir: /tmp/pytest-of-flow/pytest-1267/test_extra_image_windows0
plugins: metadata-1.10.0, mock-3.3.1, xdist-2.1.0, rerunfailures-9.1.1, html-3.0.1.dev4, forked-1.3.0
collected 1 item

test_extra_image_windows.py .                                            [100%]

- generated html file: file:///tmp/pytest-of-flow/pytest-1267/test_extra_image_windows0/report.html -
============================== 1 passed in 0.02s ===============================
<br/></div></td></tr></tbody>
      <tbody class="passed results-table-row">
        <tr>
          <td class="col-result">Passed</td>
          <td class="col-name">testing/test_pytest_html.py::TestHTML::test_extra_video[video/mp4-mp4]</td>
          <td class="col-duration">0.08</td>
          <td class="col-links"></td></tr>
        <tr>
          <td class="extra" colspan="4">
            <div class="log"> ------------------------------Captured stdout call------------------------------ <br/>============================= test session starts ==============================
platform linux -- Python 3.8.6, pytest-6.1.2, py-1.9.0, pluggy-0.13.1
rootdir: /tmp/pytest-of-flow/pytest-1267/test_extra_video0
plugins: metadata-1.10.0, mock-3.3.1, xdist-2.1.0, rerunfailures-9.1.1, html-3.0.1.dev4, forked-1.3.0
collected 1 item

test_extra_video.py .                                                    [100%]

- generated html file: file:///tmp/pytest-of-flow/pytest-1267/test_extra_video0/report.html -
============================== 1 passed in 0.02s ===============================
<br/></div></td></tr></tbody>
      <tbody class="passed results-table-row">
        <tr>
          <td class="col-result">Passed</td>
          <td class="col-name">testing/test_pytest_html.py::TestHTML::test_extra_video_windows</td>
          <td class="col-duration">0.07</td>
          <td class="col-links"></td></tr>
        <tr>
          <td class="extra" colspan="4">
            <div class="log"> ------------------------------Captured stdout call------------------------------ <br/>============================= test session starts ==============================
platform linux -- Python 3.8.6, pytest-6.1.2, py-1.9.0, pluggy-0.13.1
rootdir: /tmp/pytest-of-flow/pytest-1267/test_extra_video_windows0
plugins: metadata-1.10.0, mock-3.3.1, xdist-2.1.0, rerunfailures-9.1.1, html-3.0.1.dev4, forked-1.3.0
collected 1 item

test_extra_video_windows.py .                                            [100%]

- generated html file: file:///tmp/pytest-of-flow/pytest-1267/test_extra_video_windows0/report.html -
============================== 1 passed in 0.02s ===============================
<br/></div></td></tr></tbody>
      <tbody class="passed results-table-row">
        <tr>
          <td class="col-result">Passed</td>
          <td class="col-name">testing/test_pytest_html.py::TestHTML::test_extra_text_separated[u&apos;&apos;]</td>
          <td class="col-duration">0.07</td>
          <td class="col-links"></td></tr>
        <tr>
          <td class="extra" colspan="4">
            <div class="log"> ------------------------------Captured stdout call------------------------------ <br/>============================= test session starts ==============================
platform linux -- Python 3.8.6, pytest-6.1.2, py-1.9.0, pluggy-0.13.1
rootdir: /tmp/pytest-of-flow/pytest-1267/test_extra_text_separated0
plugins: metadata-1.10.0, mock-3.3.1, xdist-2.1.0, rerunfailures-9.1.1, html-3.0.1.dev4, forked-1.3.0
collected 1 item

test_extra_text_separated.py .                                           [100%]

- generated html file: file:///tmp/pytest-of-flow/pytest-1267/test_extra_text_separated0/report.html -
============================== 1 passed in 0.02s ===============================
<br/></div></td></tr></tbody>
      <tbody class="passed results-table-row">
        <tr>
          <td class="col-result">Passed</td>
          <td class="col-name">testing/test_pytest_html.py::TestHTML::test_extra_text_separated[&apos;foo&apos;]</td>
          <td class="col-duration">0.07</td>
          <td class="col-links"></td></tr>
        <tr>
          <td class="extra" colspan="4">
            <div class="log"> ------------------------------Captured stdout call------------------------------ <br/>============================= test session starts ==============================
platform linux -- Python 3.8.6, pytest-6.1.2, py-1.9.0, pluggy-0.13.1
rootdir: /tmp/pytest-of-flow/pytest-1267/test_extra_text_separated1
plugins: metadata-1.10.0, mock-3.3.1, xdist-2.1.0, rerunfailures-9.1.1, html-3.0.1.dev4, forked-1.3.0
collected 1 item

test_extra_text_separated.py .                                           [100%]

- generated html file: file:///tmp/pytest-of-flow/pytest-1267/test_extra_text_separated1/report.html -
============================== 1 passed in 0.02s ===============================
<br/></div></td></tr></tbody>
      <tbody class="passed results-table-row">
        <tr>
          <td class="col-result">Passed</td>
          <td class="col-name">testing/test_pytest_html.py::TestHTML::test_extra_text_separated[b&apos;\xe2\x80\x93&apos;]</td>
          <td class="col-duration">0.07</td>
          <td class="col-links"></td></tr>
        <tr>
          <td class="extra" colspan="4">
            <div class="log"> ------------------------------Captured stdout call------------------------------ <br/>============================= test session starts ==============================
platform linux -- Python 3.8.6, pytest-6.1.2, py-1.9.0, pluggy-0.13.1
rootdir: /tmp/pytest-of-flow/pytest-1267/test_extra_text_separated2
plugins: metadata-1.10.0, mock-3.3.1, xdist-2.1.0, rerunfailures-9.1.1, html-3.0.1.dev4, forked-1.3.0
collected 1 item

test_extra_text_separated.py .                                           [100%]

- generated html file: file:///tmp/pytest-of-flow/pytest-1267/test_extra_text_separated2/report.html -
============================== 1 passed in 0.02s ===============================
<br/></div></td></tr></tbody>
      <tbody class="passed results-table-row">
        <tr>
          <td class="col-result">Passed</td>
          <td class="col-name">testing/test_pytest_html.py::TestHTML::test_extra_image_separated[png-image]</td>
          <td class="col-duration">0.13</td>
          <td class="col-links"></td></tr>
        <tr>
          <td class="extra" colspan="4">
            <div class="log"> ------------------------------Captured stdout call------------------------------ <br/>============================= test session starts ==============================
platform linux -- Python 3.8.6, pytest-6.1.2, py-1.9.0, pluggy-0.13.1
rootdir: /tmp/pytest-of-flow/pytest-1267/test_extra_image_separated0
plugins: metadata-1.10.0, mock-3.3.1, xdist-2.1.0, rerunfailures-9.1.1, html-3.0.1.dev4, forked-1.3.0
collected 1 item

test_extra_image_separated.py .                                          [100%]

- generated html file: file:///tmp/pytest-of-flow/pytest-1267/test_extra_image_separated0/report.html -
============================== 1 passed in 0.07s ===============================
<br/></div></td></tr></tbody>
      <tbody class="passed results-table-row">
        <tr>
          <td class="col-result">Passed</td>
          <td class="col-name">testing/test_pytest_html.py::TestHTML::test_extra_image_separated[png-png]</td>
          <td class="col-duration">0.07</td>
          <td class="col-links"></td></tr>
        <tr>
          <td class="extra" colspan="4">
            <div class="log"> ------------------------------Captured stdout call------------------------------ <br/>============================= test session starts ==============================
platform linux -- Python 3.8.6, pytest-6.1.2, py-1.9.0, pluggy-0.13.1
rootdir: /tmp/pytest-of-flow/pytest-1267/test_extra_image_separated1
plugins: metadata-1.10.0, mock-3.3.1, xdist-2.1.0, rerunfailures-9.1.1, html-3.0.1.dev4, forked-1.3.0
collected 1 item

test_extra_image_separated.py .                                          [100%]

- generated html file: file:///tmp/pytest-of-flow/pytest-1267/test_extra_image_separated1/report.html -
============================== 1 passed in 0.02s ===============================
<br/></div></td></tr></tbody>
      <tbody class="passed results-table-row">
        <tr>
          <td class="col-result">Passed</td>
          <td class="col-name">testing/test_pytest_html.py::TestHTML::test_extra_image_separated[svg-svg]</td>
          <td class="col-duration">0.07</td>
          <td class="col-links"></td></tr>
        <tr>
          <td class="extra" colspan="4">
            <div class="log"> ------------------------------Captured stdout call------------------------------ <br/>============================= test session starts ==============================
platform linux -- Python 3.8.6, pytest-6.1.2, py-1.9.0, pluggy-0.13.1
rootdir: /tmp/pytest-of-flow/pytest-1267/test_extra_image_separated2
plugins: metadata-1.10.0, mock-3.3.1, xdist-2.1.0, rerunfailures-9.1.1, html-3.0.1.dev4, forked-1.3.0
collected 1 item

test_extra_image_separated.py .                                          [100%]

- generated html file: file:///tmp/pytest-of-flow/pytest-1267/test_extra_image_separated2/report.html -
============================== 1 passed in 0.02s ===============================
<br/></div></td></tr></tbody>
      <tbody class="passed results-table-row">
        <tr>
          <td class="col-result">Passed</td>
          <td class="col-name">testing/test_pytest_html.py::TestHTML::test_extra_image_separated[jpg-jpg]</td>
          <td class="col-duration">0.07</td>
          <td class="col-links"></td></tr>
        <tr>
          <td class="extra" colspan="4">
            <div class="log"> ------------------------------Captured stdout call------------------------------ <br/>============================= test session starts ==============================
platform linux -- Python 3.8.6, pytest-6.1.2, py-1.9.0, pluggy-0.13.1
rootdir: /tmp/pytest-of-flow/pytest-1267/test_extra_image_separated3
plugins: metadata-1.10.0, mock-3.3.1, xdist-2.1.0, rerunfailures-9.1.1, html-3.0.1.dev4, forked-1.3.0
collected 1 item

test_extra_image_separated.py .                                          [100%]

- generated html file: file:///tmp/pytest-of-flow/pytest-1267/test_extra_image_separated3/report.html -
============================== 1 passed in 0.02s ===============================
<br/></div></td></tr></tbody>
      <tbody class="passed results-table-row">
        <tr>
          <td class="col-result">Passed</td>
          <td class="col-name">testing/test_pytest_html.py::TestHTML::test_extra_image_separated_rerun[png-image]</td>
          <td class="col-duration">0.08</td>
          <td class="col-links"></td></tr>
        <tr>
          <td class="extra" colspan="4">
            <div class="log"> ------------------------------Captured stdout call------------------------------ <br/>============================= test session starts ==============================
platform linux -- Python 3.8.6, pytest-6.1.2, py-1.9.0, pluggy-0.13.1
rootdir: /tmp/pytest-of-flow/pytest-1267/test_extra_image_separated_rerun0
plugins: metadata-1.10.0, mock-3.3.1, xdist-2.1.0, rerunfailures-9.1.1, html-3.0.1.dev4, forked-1.3.0
collected 1 item

test_extra_image_separated_rerun.py R                                    [100%]R [100%]F [100%]

=================================== FAILURES ===================================
__________________________________ test_fail ___________________________________

    @pytest.mark.flaky(reruns=2)
    def test_fail():
&gt;       assert False
E       assert False

test_extra_image_separated_rerun.py:4: AssertionError
- generated html file: file:///tmp/pytest-of-flow/pytest-1267/test_extra_image_separated_rerun0/report.html -
=========================== short test summary info ============================
FAILED test_extra_image_separated_rerun.py::test_fail - assert False
========================== 1 failed, 2 rerun in 0.03s ==========================
<br/></div></td></tr></tbody>
      <tbody class="passed results-table-row">
        <tr>
          <td class="col-result">Passed</td>
          <td class="col-name">testing/test_pytest_html.py::TestHTML::test_extra_image_separated_rerun[png-png]</td>
          <td class="col-duration">0.08</td>
          <td class="col-links"></td></tr>
        <tr>
          <td class="extra" colspan="4">
            <div class="log"> ------------------------------Captured stdout call------------------------------ <br/>============================= test session starts ==============================
platform linux -- Python 3.8.6, pytest-6.1.2, py-1.9.0, pluggy-0.13.1
rootdir: /tmp/pytest-of-flow/pytest-1267/test_extra_image_separated_rerun1
plugins: metadata-1.10.0, mock-3.3.1, xdist-2.1.0, rerunfailures-9.1.1, html-3.0.1.dev4, forked-1.3.0
collected 1 item

test_extra_image_separated_rerun.py R                                    [100%]R [100%]F [100%]

=================================== FAILURES ===================================
__________________________________ test_fail ___________________________________

    @pytest.mark.flaky(reruns=2)
    def test_fail():
&gt;       assert False
E       assert False

test_extra_image_separated_rerun.py:4: AssertionError
- generated html file: file:///tmp/pytest-of-flow/pytest-1267/test_extra_image_separated_rerun1/report.html -
=========================== short test summary info ============================
FAILED test_extra_image_separated_rerun.py::test_fail - assert False
========================== 1 failed, 2 rerun in 0.03s ==========================
<br/></div></td></tr></tbody>
      <tbody class="passed results-table-row">
        <tr>
          <td class="col-result">Passed</td>
          <td class="col-name">testing/test_pytest_html.py::TestHTML::test_extra_image_separated_rerun[svg-svg]</td>
          <td class="col-duration">0.08</td>
          <td class="col-links"></td></tr>
        <tr>
          <td class="extra" colspan="4">
            <div class="log"> ------------------------------Captured stdout call------------------------------ <br/>============================= test session starts ==============================
platform linux -- Python 3.8.6, pytest-6.1.2, py-1.9.0, pluggy-0.13.1
rootdir: /tmp/pytest-of-flow/pytest-1267/test_extra_image_separated_rerun2
plugins: metadata-1.10.0, mock-3.3.1, xdist-2.1.0, rerunfailures-9.1.1, html-3.0.1.dev4, forked-1.3.0
collected 1 item

test_extra_image_separated_rerun.py R                                    [100%]R [100%]F [100%]

=================================== FAILURES ===================================
__________________________________ test_fail ___________________________________

    @pytest.mark.flaky(reruns=2)
    def test_fail():
&gt;       assert False
E       assert False

test_extra_image_separated_rerun.py:4: AssertionError
- generated html file: file:///tmp/pytest-of-flow/pytest-1267/test_extra_image_separated_rerun2/report.html -
=========================== short test summary info ============================
FAILED test_extra_image_separated_rerun.py::test_fail - assert False
========================== 1 failed, 2 rerun in 0.03s ==========================
<br/></div></td></tr></tbody>
      <tbody class="passed results-table-row">
        <tr>
          <td class="col-result">Passed</td>
          <td class="col-name">testing/test_pytest_html.py::TestHTML::test_extra_image_separated_rerun[jpg-jpg]</td>
          <td class="col-duration">0.08</td>
          <td class="col-links"></td></tr>
        <tr>
          <td class="extra" colspan="4">
            <div class="log"> ------------------------------Captured stdout call------------------------------ <br/>============================= test session starts ==============================
platform linux -- Python 3.8.6, pytest-6.1.2, py-1.9.0, pluggy-0.13.1
rootdir: /tmp/pytest-of-flow/pytest-1267/test_extra_image_separated_rerun3
plugins: metadata-1.10.0, mock-3.3.1, xdist-2.1.0, rerunfailures-9.1.1, html-3.0.1.dev4, forked-1.3.0
collected 1 item

test_extra_image_separated_rerun.py R                                    [100%]R [100%]F [100%]

=================================== FAILURES ===================================
__________________________________ test_fail ___________________________________

    @pytest.mark.flaky(reruns=2)
    def test_fail():
&gt;       assert False
E       assert False

test_extra_image_separated_rerun.py:4: AssertionError
- generated html file: file:///tmp/pytest-of-flow/pytest-1267/test_extra_image_separated_rerun3/report.html -
=========================== short test summary info ============================
FAILED test_extra_image_separated_rerun.py::test_fail - assert False
========================== 1 failed, 2 rerun in 0.03s ==========================
<br/></div></td></tr></tbody>
      <tbody class="passed results-table-row">
        <tr>
          <td class="col-result">Passed</td>
          <td class="col-name">testing/test_pytest_html.py::TestHTML::test_extra_image_non_b64[https://]</td>
          <td class="col-duration">0.07</td>
          <td class="col-links"></td></tr>
        <tr>
          <td class="extra" colspan="4">
            <div class="log"> ------------------------------Captured stdout call------------------------------ <br/>============================= test session starts ==============================
platform linux -- Python 3.8.6, pytest-6.1.2, py-1.9.0, pluggy-0.13.1
rootdir: /tmp/pytest-of-flow/pytest-1267/test_extra_image_non_b640
plugins: metadata-1.10.0, mock-3.3.1, xdist-2.1.0, rerunfailures-9.1.1, html-3.0.1.dev4, forked-1.3.0
collected 1 item

test_extra_image_non_b64.py .                                            [100%]

- generated html file: file:///tmp/pytest-of-flow/pytest-1267/test_extra_image_non_b640/report.html -
============================== 1 passed in 0.02s ===============================
<br/></div></td></tr></tbody>
      <tbody class="passed results-table-row">
        <tr>
          <td class="col-result">Passed</td>
          <td class="col-name">testing/test_pytest_html.py::TestHTML::test_extra_image_non_b64[file://]</td>
          <td class="col-duration">0.07</td>
          <td class="col-links"></td></tr>
        <tr>
          <td class="extra" colspan="4">
            <div class="log"> ------------------------------Captured stdout call------------------------------ <br/>============================= test session starts ==============================
platform linux -- Python 3.8.6, pytest-6.1.2, py-1.9.0, pluggy-0.13.1
rootdir: /tmp/pytest-of-flow/pytest-1267/test_extra_image_non_b641
plugins: metadata-1.10.0, mock-3.3.1, xdist-2.1.0, rerunfailures-9.1.1, html-3.0.1.dev4, forked-1.3.0
collected 1 item

test_extra_image_non_b64.py .                                            [100%]

- generated html file: file:///tmp/pytest-of-flow/pytest-1267/test_extra_image_non_b641/report.html -
============================== 1 passed in 0.02s ===============================
<br/></div></td></tr></tbody>
      <tbody class="passed results-table-row">
        <tr>
          <td class="col-result">Passed</td>
          <td class="col-name">testing/test_pytest_html.py::TestHTML::test_extra_image_non_b64[image.png]</td>
          <td class="col-duration">0.07</td>
          <td class="col-links"></td></tr>
        <tr>
          <td class="extra" colspan="4">
            <div class="log"> ------------------------------Captured stdout call------------------------------ <br/>============================= test session starts ==============================
platform linux -- Python 3.8.6, pytest-6.1.2, py-1.9.0, pluggy-0.13.1
rootdir: /tmp/pytest-of-flow/pytest-1267/test_extra_image_non_b642
plugins: metadata-1.10.0, mock-3.3.1, xdist-2.1.0, rerunfailures-9.1.1, html-3.0.1.dev4, forked-1.3.0
collected 1 item

test_extra_image_non_b64.py .                                            [100%]

- generated html file: file:///tmp/pytest-of-flow/pytest-1267/test_extra_image_non_b642/report.html -
============================== 1 passed in 0.02s ===============================
<br/></div></td></tr></tbody>
      <tbody class="passed results-table-row">
        <tr>
          <td class="col-result">Passed</td>
          <td class="col-name">testing/test_pytest_html.py::TestHTML::test_very_long_test_name[10]</td>
          <td class="col-duration">0.14</td>
          <td class="col-links"></td></tr>
        <tr>
          <td class="extra" colspan="4">
            <div class="log"> ------------------------------Captured stdout call------------------------------ <br/>============================= test session starts ==============================
platform linux -- Python 3.8.6, pytest-6.1.2, py-1.9.0, pluggy-0.13.1
rootdir: /tmp/pytest-of-flow/pytest-1267/test_very_long_test_name0, configfile: tox.ini
plugins: metadata-1.10.0, mock-3.3.1, xdist-2.1.0, rerunfailures-9.1.1, html-3.0.1.dev4, forked-1.3.0
collected 1 item

test_very_long_test_name.py F                                            [100%]

=================================== FAILURES ===================================
_ test_aaaaaaaaaaaaaaaaaaaaaaaaaaaaaaaaaaaaaaaaaaaaaaaaaaaaaaaaaaaaaaaaaaaaaaaaaaaaaaaaaaaaaaaaaaaaaaaaaaaaaaaaaaaaaaaaaaaaaaaaaaaaaaaaaaaaaaaaaaaaaaaaaaaaaaaaaaaaaaaaaaaaaaaaaaaaaaaaaaaaaaaaaaaaaaaaaaaaaaaaaaaaaaaaaaaaaaaaaaaaaaaaaaaaaaaaaaaaaaaaaaaaaaaaaaaaaaaaaaaaaaaaaaaaaaaaaaaaaaaaaaaaaaaaaaaaaaaaaaaa _

    def test_aaaaaaaaaaaaaaaaaaaaaaaaaaaaaaaaaaaaaaaaaaaaaaaaaaaaaaaaaaaaaaaaaaaaaaaaaaaaaaaaaaaaaaaaaaaaaaaaaaaaaaaaaaaaaaaaaaaaaaaaaaaaaaaaaaaaaaaaaaaaaaaaaaaaaaaaaaaaaaaaaaaaaaaaaaaaaaaaaaaaaaaaaaaaaaaaaaaaaaaaaaaaaaaaaaaaaaaaaaaaaaaaaaaaaaaaaaaaaaaaaaaaaaaaaaaaaaaaaaaaaaaaaaaaaaaaaaaaaaaaaaaaaaaaaaaaaaaaaaaa():
&gt;       assert False
E       assert False

test_very_long_test_name.py:2: AssertionError
- generated html file: file:///tmp/pytest-of-flow/pytest-1267/test_very_long_test_name0/report.html -
=========================== short test summary info ============================
FAILED test_very_long_test_name.py::test_aaaaaaaaaaaaaaaaaaaaaaaaaaaaaaaaaaaaaaaaaaaaaaaaaaaaaaaaaaaaaaaaaaaaaaaaaaaaaaaaaaaaaaaaaaaaaaaaaaaaaaaaaaaaaaaaaaaaaaaaaaaaaaaaaaaaaaaaaaaaaaaaaaaaaaaaaaaaaaaaaaaaaaaaaaaaaaaaaaaaaaaaaaaaaaaaaaaaaaaaaaaaaaaaaaaaaaaaaaaaaaaaaaaaaaaaaaaaaaaaaaaaaaaaaaaaaaaaaaaaaaaaaaaaaaaaaaaaaaaaaaaaaaaaaaaaaaaaaaaa
============================== 1 failed in 0.02s ===============================
<br/></div></td></tr></tbody>
      <tbody class="passed results-table-row">
        <tr>
          <td class="col-result">Passed</td>
          <td class="col-name">testing/test_pytest_html.py::TestHTML::test_very_long_test_name[100]</td>
          <td class="col-duration">0.08</td>
          <td class="col-links"></td></tr>
        <tr>
          <td class="extra" colspan="4">
            <div class="log"> ------------------------------Captured stdout call------------------------------ <br/>============================= test session starts ==============================
platform linux -- Python 3.8.6, pytest-6.1.2, py-1.9.0, pluggy-0.13.1
rootdir: /tmp/pytest-of-flow/pytest-1267/test_very_long_test_name1, configfile: tox.ini
plugins: metadata-1.10.0, mock-3.3.1, xdist-2.1.0, rerunfailures-9.1.1, html-3.0.1.dev4, forked-1.3.0
collected 1 item

test_very_long_test_name.py F                                            [100%]

=================================== FAILURES ===================================
_ test_aaaaaaaaaaaaaaaaaaaaaaaaaaaaaaaaaaaaaaaaaaaaaaaaaaaaaaaaaaaaaaaaaaaaaaaaaaaaaaaaaaaaaaaaaaaaaaaaaaaaaaaaaaaaaaaaaaaaaaaaaaaaaaaaaaaaaaaaaaaaaaaaaaaaaaaaaaaaaaaaaaaaaaaaaaaaaaaaaaaaaaaaaaaaaaaaaaaaaaaaaaaaaaaaaaaaaaaaaaaaaaaaaaaaaaaaaaaaaaaaaaaaaaaaaaaaaaaaaaaaaaaaaaaaaaaaaaaaaaaaaaaaaaaaaaaaaaaaaaaa _

    def test_aaaaaaaaaaaaaaaaaaaaaaaaaaaaaaaaaaaaaaaaaaaaaaaaaaaaaaaaaaaaaaaaaaaaaaaaaaaaaaaaaaaaaaaaaaaaaaaaaaaaaaaaaaaaaaaaaaaaaaaaaaaaaaaaaaaaaaaaaaaaaaaaaaaaaaaaaaaaaaaaaaaaaaaaaaaaaaaaaaaaaaaaaaaaaaaaaaaaaaaaaaaaaaaaaaaaaaaaaaaaaaaaaaaaaaaaaaaaaaaaaaaaaaaaaaaaaaaaaaaaaaaaaaaaaaaaaaaaaaaaaaaaaaaaaaaaaaaaaaaa():
&gt;       assert False
E       assert False

test_very_long_test_name.py:2: AssertionError
- generated html file: file:///tmp/pytest-of-flow/pytest-1267/test_very_long_test_name1/report.html -
=========================== short test summary info ============================
FAILED test_very_long_test_name.py::test_aaaaaaaaaaaaaaaaaaaaaaaaaaaaaaaaaaaaaaaaaaaaaaaaaaaaaaaaaaaaaaaaaaaaaaaaaaaaaaaaaaaaaaaaaaaaaaaaaaaaaaaaaaaaaaaaaaaaaaaaaaaaaaaaaaaaaaaaaaaaaaaaaaaaaaaaaaaaaaaaaaaaaaaaaaaaaaaaaaaaaaaaaaaaaaaaaaaaaaaaaaaaaaaaaaaaaaaaaaaaaaaaaaaaaaaaaaaaaaaaaaaaaaaaaaaaaaaaaaaaaaaaaaaaaaaaaaaaaaaaaaaaaaaaaaaaaaaaaaaa
============================== 1 failed in 0.02s ===============================
<br/></div></td></tr></tbody>
      <tbody class="passed results-table-row">
        <tr>
          <td class="col-result">Passed</td>
          <td class="col-name">testing/test_pytest_html.py::TestHTML::test_extra_fixture</td>
          <td class="col-duration">0.07</td>
          <td class="col-links"></td></tr>
        <tr>
          <td class="extra" colspan="4">
            <div class="log"> ------------------------------Captured stdout call------------------------------ <br/>============================= test session starts ==============================
platform linux -- Python 3.8.6, pytest-6.1.2, py-1.9.0, pluggy-0.13.1
rootdir: /tmp/pytest-of-flow/pytest-1267/test_extra_fixture0
plugins: metadata-1.10.0, mock-3.3.1, xdist-2.1.0, rerunfailures-9.1.1, html-3.0.1.dev4, forked-1.3.0
collected 1 item

test_extra_fixture.py .                                                  [100%]

- generated html file: file:///tmp/pytest-of-flow/pytest-1267/test_extra_fixture0/report.html -
============================== 1 passed in 0.02s ===============================
<br/></div></td></tr></tbody>
      <tbody class="passed results-table-row">
        <tr>
          <td class="col-result">Passed</td>
          <td class="col-name">testing/test_pytest_html.py::TestHTML::test_no_invalid_characters_in_filename</td>
          <td class="col-duration">0.08</td>
          <td class="col-links"></td></tr>
        <tr>
          <td class="extra" colspan="4">
            <div class="log"> ------------------------------Captured stdout call------------------------------ <br/>============================= test session starts ==============================
platform linux -- Python 3.8.6, pytest-6.1.2, py-1.9.0, pluggy-0.13.1
rootdir: /tmp/pytest-of-flow/pytest-1267/test_no_invalid_characters_in_filename0
plugins: metadata-1.10.0, mock-3.3.1, xdist-2.1.0, rerunfailures-9.1.1, html-3.0.1.dev4, forked-1.3.0
collected 1 item

test_no_invalid_characters_in_filename.py F                              [100%]

=================================== FAILURES ===================================
__________________________________ test_fail ___________________________________

    def test_fail():
&gt;       assert False
E       assert False

test_no_invalid_characters_in_filename.py:2: AssertionError
- generated html file: file:///tmp/pytest-of-flow/pytest-1267/test_no_invalid_characters_in_filename0/report.html -
=========================== short test summary info ============================
FAILED test_no_invalid_characters_in_filename.py::test_fail - assert False
============================== 1 failed in 0.02s ===============================
<br/></div></td></tr></tbody>
      <tbody class="passed results-table-row">
        <tr>
          <td class="col-result">Passed</td>
          <td class="col-name">testing/test_pytest_html.py::TestHTML::test_no_environment</td>
          <td class="col-duration">0.07</td>
          <td class="col-links"></td></tr>
        <tr>
          <td class="extra" colspan="4">
            <div class="log"> ------------------------------Captured stdout call------------------------------ <br/>============================= test session starts ==============================
platform linux -- Python 3.8.6, pytest-6.1.2, py-1.9.0, pluggy-0.13.1
rootdir: /tmp/pytest-of-flow/pytest-1267/test_no_environment0
plugins: metadata-1.10.0, mock-3.3.1, xdist-2.1.0, rerunfailures-9.1.1, html-3.0.1.dev4, forked-1.3.0
collected 1 item

test_no_environment.py .                                                 [100%]

- generated html file: file:///tmp/pytest-of-flow/pytest-1267/test_no_environment0/report.html -
============================== 1 passed in 0.02s ===============================
<br/></div></td></tr></tbody>
      <tbody class="passed results-table-row">
        <tr>
          <td class="col-result">Passed</td>
          <td class="col-name">testing/test_pytest_html.py::TestHTML::test_environment</td>
          <td class="col-duration">0.07</td>
          <td class="col-links"></td></tr>
        <tr>
          <td class="extra" colspan="4">
            <div class="log"> ------------------------------Captured stdout call------------------------------ <br/>============================= test session starts ==============================
platform linux -- Python 3.8.6, pytest-6.1.2, py-1.9.0, pluggy-0.13.1
rootdir: /tmp/pytest-of-flow/pytest-1267/test_environment0
plugins: metadata-1.10.0, mock-3.3.1, xdist-2.1.0, rerunfailures-9.1.1, html-3.0.1.dev4, forked-1.3.0
collected 1 item

test_environment.py .                                                    [100%]

- generated html file: file:///tmp/pytest-of-flow/pytest-1267/test_environment0/report.html -
============================== 1 passed in 0.02s ===============================
<br/></div></td></tr></tbody>
      <tbody class="passed results-table-row">
        <tr>
          <td class="col-result">Passed</td>
          <td class="col-name">testing/test_pytest_html.py::TestHTML::test_environment_xdist</td>
          <td class="col-duration">0.66</td>
          <td class="col-links"></td></tr>
        <tr>
          <td class="extra" colspan="4">
            <div class="log"> ------------------------------Captured stdout call------------------------------ <br/>============================= test session starts ==============================
platform linux -- Python 3.8.6, pytest-6.1.2, py-1.9.0, pluggy-0.13.1
rootdir: /tmp/pytest-of-flow/pytest-1267/test_environment_xdist0
plugins: metadata-1.10.0, mock-3.3.1, xdist-2.1.0, rerunfailures-9.1.1, html-3.0.1.dev4, forked-1.3.0
gw0 I
gw0 [1]

.                                                                        [100%]
- generated html file: file:///tmp/pytest-of-flow/pytest-1267/test_environment_xdist0/report.html -
============================== 1 passed in 0.52s ===============================
<br/></div></td></tr></tbody>
      <tbody class="passed results-table-row">
        <tr>
          <td class="col-result">Passed</td>
          <td class="col-name">testing/test_pytest_html.py::TestHTML::test_environment_xdist_reruns</td>
          <td class="col-duration">0.61</td>
          <td class="col-links"></td></tr>
        <tr>
          <td class="extra" colspan="4">
            <div class="log"> ------------------------------Captured stdout call------------------------------ <br/>============================= test session starts ==============================
platform linux -- Python 3.8.6, pytest-6.1.2, py-1.9.0, pluggy-0.13.1
rootdir: /tmp/pytest-of-flow/pytest-1267/test_environment_xdist_reruns0
plugins: metadata-1.10.0, mock-3.3.1, xdist-2.1.0, rerunfailures-9.1.1, html-3.0.1.dev4, forked-1.3.0
gw0 I
gw0 [1]

R                                                                        [100%]F [100%]
=================================== FAILURES ===================================
__________________________________ test_fail ___________________________________
[gw0] linux -- Python 3.8.6 /home/flow/Documents/Coding/python/pytest-html/.tox/devel/bin/python

&gt;   def test_fail(): assert False
E   assert False

test_environment_xdist_reruns.py:1: AssertionError
- generated html file: file:///tmp/pytest-of-flow/pytest-1267/test_environment_xdist_reruns0/report.html -
=========================== short test summary info ============================
FAILED test_environment_xdist_reruns.py::test_fail - assert False
========================== 1 failed, 1 rerun in 0.51s ==========================
<br/></div></td></tr></tbody>
      <tbody class="passed results-table-row">
        <tr>
          <td class="col-result">Passed</td>
          <td class="col-name">testing/test_pytest_html.py::TestHTML::test_environment_list_value[content0-123Go, Hello, fzWZP6vKRv, garAge, hello]</td>
          <td class="col-duration">0.08</td>
          <td class="col-links"></td></tr>
        <tr>
          <td class="extra" colspan="4">
            <div class="log"> ------------------------------Captured stdout call------------------------------ <br/>============================= test session starts ==============================
platform linux -- Python 3.8.6, pytest-6.1.2, py-1.9.0, pluggy-0.13.1
rootdir: /tmp/pytest-of-flow/pytest-1267/test_environment_list_value0
plugins: metadata-1.10.0, mock-3.3.1, xdist-2.1.0, rerunfailures-9.1.1, html-3.0.1.dev4, forked-1.3.0
collected 1 item

test_environment_list_value.py .                                         [100%]

- generated html file: file:///tmp/pytest-of-flow/pytest-1267/test_environment_list_value0/report.html -
============================== 1 passed in 0.02s ===============================
<br/></div></td></tr></tbody>
      <tbody class="passed results-table-row">
        <tr>
          <td class="col-result">Passed</td>
          <td class="col-name">testing/test_pytest_html.py::TestHTML::test_environment_list_value[content1-1, 2, 2, 4, 54]</td>
          <td class="col-duration">0.16</td>
          <td class="col-links"></td></tr>
        <tr>
          <td class="extra" colspan="4">
            <div class="log"> ------------------------------Captured stdout call------------------------------ <br/>============================= test session starts ==============================
platform linux -- Python 3.8.6, pytest-6.1.2, py-1.9.0, pluggy-0.13.1
rootdir: /tmp/pytest-of-flow/pytest-1267/test_environment_list_value1
plugins: metadata-1.10.0, mock-3.3.1, xdist-2.1.0, rerunfailures-9.1.1, html-3.0.1.dev4, forked-1.3.0
collected 1 item

test_environment_list_value.py .                                         [100%]

- generated html file: file:///tmp/pytest-of-flow/pytest-1267/test_environment_list_value1/report.html -
============================== 1 passed in 0.02s ===============================
<br/></div></td></tr></tbody>
      <tbody class="passed results-table-row">
        <tr>
          <td class="col-result">Passed</td>
          <td class="col-name">testing/test_pytest_html.py::TestHTML::test_environment_list_value[content2-400, 5.4, Yes]</td>
          <td class="col-duration">0.07</td>
          <td class="col-links"></td></tr>
        <tr>
          <td class="extra" colspan="4">
            <div class="log"> ------------------------------Captured stdout call------------------------------ <br/>============================= test session starts ==============================
platform linux -- Python 3.8.6, pytest-6.1.2, py-1.9.0, pluggy-0.13.1
rootdir: /tmp/pytest-of-flow/pytest-1267/test_environment_list_value2
plugins: metadata-1.10.0, mock-3.3.1, xdist-2.1.0, rerunfailures-9.1.1, html-3.0.1.dev4, forked-1.3.0
collected 1 item

test_environment_list_value.py .                                         [100%]

- generated html file: file:///tmp/pytest-of-flow/pytest-1267/test_environment_list_value2/report.html -
============================== 1 passed in 0.02s ===============================
<br/></div></td></tr></tbody>
      <tbody class="passed results-table-row">
        <tr>
          <td class="col-result">Passed</td>
          <td class="col-name">testing/test_pytest_html.py::TestHTML::test_environment_unordered_dict_value[unordered_dict0-&lt;td&gt;content&lt;/td&gt;\n\s+&lt;td&gt;{&quot;123Go&quot;: 5, &quot;Hello&quot;: 5, &quot;fzWZP6vKRv&quot;: 10, &quot;garAge&quot;: 6, &quot;hello&quot;: 5}&lt;/td&gt;]</td>
          <td class="col-duration">0.07</td>
          <td class="col-links"></td></tr>
        <tr>
          <td class="extra" colspan="4">
            <div class="log"> ------------------------------Captured stdout call------------------------------ <br/>============================= test session starts ==============================
platform linux -- Python 3.8.6, pytest-6.1.2, py-1.9.0, pluggy-0.13.1
rootdir: /tmp/pytest-of-flow/pytest-1267/test_environment_unordered_dict_value0
plugins: metadata-1.10.0, mock-3.3.1, xdist-2.1.0, rerunfailures-9.1.1, html-3.0.1.dev4, forked-1.3.0
collected 1 item

test_environment_unordered_dict_value.py .                               [100%]

- generated html file: file:///tmp/pytest-of-flow/pytest-1267/test_environment_unordered_dict_value0/report.html -
============================== 1 passed in 0.02s ===============================
<br/></div></td></tr></tbody>
      <tbody class="passed results-table-row">
        <tr>
          <td class="col-result">Passed</td>
          <td class="col-name">testing/test_pytest_html.py::TestHTML::test_environment_unordered_dict_value[unordered_dict1-&lt;td&gt;content&lt;/td&gt;\n\s+&lt;td&gt;{&quot;First Link&quot;: &quot;&lt;a href=\\&quot;https://www.w3schools.com\\&quot;&gt;W3Schools&lt;/a&gt;&quot;, &quot;Second Link&quot;: &quot;&lt;a href=\\&quot;https://www.w3schools.com\\&quot;&gt;W2Schools&lt;/a&gt;&quot;, &quot;Third Link&quot;: &quot;&lt;a href=\\&quot;https://www.w3schools.com\\&quot;&gt;W4Schools&lt;/a&gt;&quot;}&lt;/td&gt;]</td>
          <td class="col-duration">0.07</td>
          <td class="col-links"></td></tr>
        <tr>
          <td class="extra" colspan="4">
            <div class="log"> ------------------------------Captured stdout call------------------------------ <br/>============================= test session starts ==============================
platform linux -- Python 3.8.6, pytest-6.1.2, py-1.9.0, pluggy-0.13.1
rootdir: /tmp/pytest-of-flow/pytest-1267/test_environment_unordered_dict_value1
plugins: metadata-1.10.0, mock-3.3.1, xdist-2.1.0, rerunfailures-9.1.1, html-3.0.1.dev4, forked-1.3.0
collected 1 item

test_environment_unordered_dict_value.py .                               [100%]

- generated html file: file:///tmp/pytest-of-flow/pytest-1267/test_environment_unordered_dict_value1/report.html -
============================== 1 passed in 0.02s ===============================
<br/></div></td></tr></tbody>
      <tbody class="passed results-table-row">
        <tr>
          <td class="col-result">Passed</td>
          <td class="col-name">testing/test_pytest_html.py::TestHTML::test_environment_ordered</td>
          <td class="col-duration">0.07</td>
          <td class="col-links"></td></tr>
        <tr>
          <td class="extra" colspan="4">
            <div class="log"> ------------------------------Captured stdout call------------------------------ <br/>============================= test session starts ==============================
platform linux -- Python 3.8.6, pytest-6.1.2, py-1.9.0, pluggy-0.13.1
rootdir: /tmp/pytest-of-flow/pytest-1267/test_environment_ordered0
plugins: metadata-1.10.0, mock-3.3.1, xdist-2.1.0, rerunfailures-9.1.1, html-3.0.1.dev4, forked-1.3.0
collected 1 item

test_environment_ordered.py .                                            [100%]

- generated html file: file:///tmp/pytest-of-flow/pytest-1267/test_environment_ordered0/report.html -
============================== 1 passed in 0.02s ===============================
<br/></div></td></tr></tbody>
      <tbody class="passed results-table-row">
        <tr>
          <td class="col-result">Passed</td>
          <td class="col-name">testing/test_pytest_html.py::TestHTML::test_xdist_crashing_worker</td>
          <td class="col-duration">0.96</td>
          <td class="col-links"></td></tr>
        <tr>
          <td class="extra" colspan="4">
            <div class="log"> ------------------------------Captured stdout call------------------------------ <br/>============================= test session starts ==============================
platform linux -- Python 3.8.6, pytest-6.1.2, py-1.9.0, pluggy-0.13.1
rootdir: /tmp/pytest-of-flow/pytest-1267/test_xdist_crashing_worker0
plugins: metadata-1.10.0, mock-3.3.1, xdist-2.1.0, rerunfailures-9.1.1, html-3.0.1.dev4, forked-1.3.0
gw0 I
gw0 [1]

[gw0] node down: Not properly terminated
F
replacing crashed worker gw0

=================================== FAILURES ===================================
________________________ test_xdist_crashing_worker.py _________________________
[gw0] linux -- Python 3.8.6 /home/flow/Documents/Coding/python/pytest-html/.tox/devel/bin/python
[gw0] linux -- Python 3.8.6 /home/flow/Documents/Coding/python/pytest-html/.tox/devel/bin/python[gw0] linux -- Python 3.8.6 /home/flow/Documents/Coding/python/pytest-html/.tox/devel/bin/python
worker &#x27;gw0&#x27; crashed while running &#x27;test_xdist_crashing_worker.py::test_exit&#x27;
- generated html file: file:///tmp/pytest-of-flow/pytest-1267/test_xdist_crashing_worker0/report.html -
=========================== short test summary info ============================
FAILED test_xdist_crashing_worker.py::test_exit
============================== 1 failed in 0.88s ===============================
<br/></div></td></tr></tbody>
      <tbody class="passed results-table-row">
        <tr>
          <td class="col-result">Passed</td>
          <td class="col-name">testing/test_pytest_html.py::TestHTML::test_utf8_surrogate</td>
          <td class="col-duration">0.08</td>
          <td class="col-links"></td></tr>
        <tr>
          <td class="extra" colspan="4">
            <div class="log"> ------------------------------Captured stdout call------------------------------ <br/>============================= test session starts ==============================
platform linux -- Python 3.8.6, pytest-6.1.2, py-1.9.0, pluggy-0.13.1
rootdir: /tmp/pytest-of-flow/pytest-1267/test_utf8_surrogate0
plugins: metadata-1.10.0, mock-3.3.1, xdist-2.1.0, rerunfailures-9.1.1, html-3.0.1.dev4, forked-1.3.0
collected 1 item

test_utf8_surrogate.py .                                                 [100%]

- generated html file: file:///tmp/pytest-of-flow/pytest-1267/test_utf8_surrogate0/report.html -
============================== 1 passed in 0.02s ===============================
<br/></div></td></tr></tbody>
      <tbody class="passed results-table-row">
        <tr>
          <td class="col-result">Passed</td>
          <td class="col-name">testing/test_pytest_html.py::TestHTML::test_ansi_color[True]</td>
          <td class="col-duration">0.07</td>
          <td class="col-links"></td></tr>
        <tr>
          <td class="extra" colspan="4">
            <div class="log"> ------------------------------Captured stdout call------------------------------ <br/>============================= test session starts ==============================
platform linux -- Python 3.8.6, pytest-6.1.2, py-1.9.0, pluggy-0.13.1
rootdir: /tmp/pytest-of-flow/pytest-1267/test_ansi_color0
plugins: metadata-1.10.0, mock-3.3.1, xdist-2.1.0, rerunfailures-9.1.1, html-3.0.1.dev4, forked-1.3.0
collected 1 item

test_ansi_color.py .                                                     [100%]

- generated html file: file:///tmp/pytest-of-flow/pytest-1267/test_ansi_color0/report.html -
============================== 1 passed in 0.02s ===============================
<br/></div></td></tr></tbody>
      <tbody class="passed results-table-row">
        <tr>
          <td class="col-result">Passed</td>
          <td class="col-name">testing/test_pytest_html.py::TestHTML::test_ansi_color[False]</td>
          <td class="col-duration">0.07</td>
          <td class="col-links"></td></tr>
        <tr>
          <td class="extra" colspan="4">
            <div class="log"> ------------------------------Captured stdout call------------------------------ <br/>============================= test session starts ==============================
platform linux -- Python 3.8.6, pytest-6.1.2, py-1.9.0, pluggy-0.13.1
rootdir: /tmp/pytest-of-flow/pytest-1267/test_ansi_color1
plugins: metadata-1.10.0, mock-3.3.1, xdist-2.1.0, rerunfailures-9.1.1, html-3.0.1.dev4, forked-1.3.0
collected 1 item

test_ansi_color.py .                                                     [100%]

- generated html file: file:///tmp/pytest-of-flow/pytest-1267/test_ansi_color1/report.html -
============================== 1 passed in 0.01s ===============================
<br/></div></td></tr></tbody>
      <tbody class="passed results-table-row">
        <tr>
          <td class="col-result">Passed</td>
          <td class="col-name">testing/test_pytest_html.py::TestHTML::test_ansi_escape_sequence_removed</td>
          <td class="col-duration">0.15</td>
          <td class="col-links"></td></tr>
        <tr>
          <td class="extra" colspan="4">
            <div class="log"> ------------------------------Captured stdout call------------------------------ <br/><span class="ansi1">============================= test session starts ==============================</span>
platform linux -- Python 3.8.6, pytest-6.1.2, py-1.9.0, pluggy-0.13.1
rootdir: /tmp/pytest-of-flow/pytest-1267/test_ansi_escape_sequence_removed0, configfile: tox.ini
plugins: metadata-1.10.0, mock-3.3.1, xdist-2.1.0, rerunfailures-9.1.1, html-3.0.1.dev4, forked-1.3.0
collected 1 item

test_ansi_escape_sequence_removed.py::test_ansi 
<span class="ansi1">-------------------------------- live log call ---------------------------------</span>
<span class="ansi32">INFO    </span> root:test_ansi_escape_sequence_removed.py:5 ANSI removed
<span class="ansi32">PASSED</span><span class="ansi32">                                                                   [100%]</span>

- generated html file: file:///tmp/pytest-of-flow/pytest-1267/test_ansi_escape_sequence_removed0/report.html -
<span class="ansi32">============================== </span><span class="ansi32"></span><span class="ansi1 ansi32">1 passed</span><span class="ansi32"> in 0.02s</span><span class="ansi32"> ===============================</span>
<br/> -------------------------------Captured log call-------------------------------- <br/><span class="ansi32">INFO    </span> root:test_ansi_escape_sequence_removed.py:5 ANSI removed<br/></div></td></tr></tbody>
      <tbody class="passed results-table-row">
        <tr>
          <td class="col-result">Passed</td>
          <td class="col-name">testing/test_pytest_html.py::TestHTML::test_utf8_longrepr[&apos;foo&apos;]</td>
          <td class="col-duration">0.08</td>
          <td class="col-links"></td></tr>
        <tr>
          <td class="extra" colspan="4">
            <div class="log"> ------------------------------Captured stdout call------------------------------ <br/>============================= test session starts ==============================
platform linux -- Python 3.8.6, pytest-6.1.2, py-1.9.0, pluggy-0.13.1
rootdir: /tmp/pytest-of-flow/pytest-1267/test_utf8_longrepr0
plugins: metadata-1.10.0, mock-3.3.1, xdist-2.1.0, rerunfailures-9.1.1, html-3.0.1.dev4, forked-1.3.0
collected 1 item

test_utf8_longrepr.py F                                                  [100%]

=================================== FAILURES ===================================
__________________________________ test_fail ___________________________________
utf8 longrepr: foo
- generated html file: file:///tmp/pytest-of-flow/pytest-1267/test_utf8_longrepr0/report.html -
=========================== short test summary info ============================
FAILED test_utf8_longrepr.py::test_fail
============================== 1 failed in 0.02s ===============================
<br/></div></td></tr></tbody>
      <tbody class="passed results-table-row">
        <tr>
          <td class="col-result">Passed</td>
          <td class="col-name">testing/test_pytest_html.py::TestHTML::test_utf8_longrepr[u&apos;&apos;]</td>
          <td class="col-duration">0.08</td>
          <td class="col-links"></td></tr>
        <tr>
          <td class="extra" colspan="4">
            <div class="log"> ------------------------------Captured stdout call------------------------------ <br/>============================= test session starts ==============================
platform linux -- Python 3.8.6, pytest-6.1.2, py-1.9.0, pluggy-0.13.1
rootdir: /tmp/pytest-of-flow/pytest-1267/test_utf8_longrepr1
plugins: metadata-1.10.0, mock-3.3.1, xdist-2.1.0, rerunfailures-9.1.1, html-3.0.1.dev4, forked-1.3.0
collected 1 item

test_utf8_longrepr.py F                                                  [100%]

=================================== FAILURES ===================================
__________________________________ test_fail ___________________________________
utf8 longrepr: 
- generated html file: file:///tmp/pytest-of-flow/pytest-1267/test_utf8_longrepr1/report.html -
=========================== short test summary info ============================
FAILED test_utf8_longrepr.py::test_fail
============================== 1 failed in 0.02s ===============================
<br/></div></td></tr></tbody>
      <tbody class="passed results-table-row">
        <tr>
          <td class="col-result">Passed</td>
          <td class="col-name">testing/test_pytest_html.py::TestHTML::test_collect_error</td>
          <td class="col-duration">0.12</td>
          <td class="col-links"></td></tr>
        <tr>
          <td class="extra" colspan="4">
            <div class="log"> ------------------------------Captured stdout call------------------------------ <br/>============================= test session starts ==============================
platform linux -- Python 3.8.6, pytest-6.1.2, py-1.9.0, pluggy-0.13.1
rootdir: /tmp/pytest-of-flow/pytest-1267/test_collect_error0
plugins: metadata-1.10.0, mock-3.3.1, xdist-2.1.0, rerunfailures-9.1.1, html-3.0.1.dev4, forked-1.3.0
collected 0 items / 1 error

==================================== ERRORS ====================================
____________________ ERROR collecting test_collect_error.py ____________________
ImportError while importing test module &#x27;/tmp/pytest-of-flow/pytest-1267/test_collect_error0/test_collect_error.py&#x27;.
Hint: make sure your test modules/packages have valid Python names.
Traceback:
/usr/lib/python3.8/importlib/__init__.py:127: in import_module
    return _bootstrap._gcd_import(name[level:], package, level)
test_collect_error.py:1: in &lt;module&gt;
    import xyz
E   ModuleNotFoundError: No module named &#x27;xyz&#x27;
- generated html file: file:///tmp/pytest-of-flow/pytest-1267/test_collect_error0/report.html -
=========================== short test summary info ============================
ERROR test_collect_error.py
!!!!!!!!!!!!!!!!!!!! Interrupted: 1 error during collection !!!!!!!!!!!!!!!!!!!!
=============================== 1 error in 0.07s ===============================
<br/></div></td></tr></tbody>
      <tbody class="passed results-table-row">
        <tr>
          <td class="col-result">Passed</td>
          <td class="col-name">testing/test_pytest_html.py::TestHTML::test_css[colors0]</td>
          <td class="col-duration">0.07</td>
          <td class="col-links"></td></tr>
        <tr>
          <td class="extra" colspan="4">
            <div class="log"> ------------------------------Captured stdout call------------------------------ <br/>============================= test session starts ==============================
platform linux -- Python 3.8.6, pytest-6.1.2, py-1.9.0, pluggy-0.13.1
rootdir: /tmp/pytest-of-flow/pytest-1267/test_css0
plugins: metadata-1.10.0, mock-3.3.1, xdist-2.1.0, rerunfailures-9.1.1, html-3.0.1.dev4, forked-1.3.0
collected 1 item

test_css.py .                                                            [100%]

- generated html file: file:///tmp/pytest-of-flow/pytest-1267/test_css0/report.html -
============================== 1 passed in 0.02s ===============================
<br/></div></td></tr></tbody>
      <tbody class="passed results-table-row">
        <tr>
          <td class="col-result">Passed</td>
          <td class="col-name">testing/test_pytest_html.py::TestHTML::test_css[colors1]</td>
          <td class="col-duration">0.07</td>
          <td class="col-links"></td></tr>
        <tr>
          <td class="extra" colspan="4">
            <div class="log"> ------------------------------Captured stdout call------------------------------ <br/>============================= test session starts ==============================
platform linux -- Python 3.8.6, pytest-6.1.2, py-1.9.0, pluggy-0.13.1
rootdir: /tmp/pytest-of-flow/pytest-1267/test_css1
plugins: metadata-1.10.0, mock-3.3.1, xdist-2.1.0, rerunfailures-9.1.1, html-3.0.1.dev4, forked-1.3.0
collected 1 item

test_css.py .                                                            [100%]

- generated html file: file:///tmp/pytest-of-flow/pytest-1267/test_css1/report.html -
============================== 1 passed in 0.02s ===============================
<br/></div></td></tr></tbody>
      <tbody class="passed results-table-row">
        <tr>
          <td class="col-result">Passed</td>
          <td class="col-name">testing/test_pytest_html.py::TestHTML::test_css_invalid</td>
          <td class="col-duration">0.05</td>
          <td class="col-links"></td></tr>
        <tr>
          <td class="extra" colspan="4">
            <div class="log"> ------------------------------Captured stderr call------------------------------ <br/>INTERNALERROR&gt; Traceback (most recent call last):
INTERNALERROR&gt;   File &quot;/home/flow/Documents/Coding/python/pytest-html/.tox/devel/lib/python3.8/site-packages/_pytest/main.py&quot;, line 253, in wrap_session
INTERNALERROR&gt;     config._do_configure()
INTERNALERROR&gt;   File &quot;/home/flow/Documents/Coding/python/pytest-html/.tox/devel/lib/python3.8/site-packages/_pytest/config/__init__.py&quot;, line 982, in _do_configure
INTERNALERROR&gt;     self.hook.pytest_configure.call_historic(kwargs=dict(config=self))
INTERNALERROR&gt;   File &quot;/home/flow/Documents/Coding/python/pytest-html/.tox/devel/lib/python3.8/site-packages/pluggy/hooks.py&quot;, line 308, in call_historic
INTERNALERROR&gt;     res = self._hookexec(self, self.get_hookimpls(), kwargs)
INTERNALERROR&gt;   File &quot;/home/flow/Documents/Coding/python/pytest-html/.tox/devel/lib/python3.8/site-packages/pluggy/manager.py&quot;, line 93, in _hookexec
INTERNALERROR&gt;     return self._inner_hookexec(hook, methods, kwargs)
INTERNALERROR&gt;   File &quot;/home/flow/Documents/Coding/python/pytest-html/.tox/devel/lib/python3.8/site-packages/pluggy/manager.py&quot;, line 84, in &lt;lambda&gt;
INTERNALERROR&gt;     self._inner_hookexec = lambda hook, methods, kwargs: hook.multicall(
INTERNALERROR&gt;   File &quot;/home/flow/Documents/Coding/python/pytest-html/.tox/devel/lib/python3.8/site-packages/pluggy/callers.py&quot;, line 208, in _multicall
INTERNALERROR&gt;     return outcome.get_result()
INTERNALERROR&gt;   File &quot;/home/flow/Documents/Coding/python/pytest-html/.tox/devel/lib/python3.8/site-packages/pluggy/callers.py&quot;, line 80, in get_result
INTERNALERROR&gt;     raise ex[1].with_traceback(ex[2])
INTERNALERROR&gt;   File &quot;/home/flow/Documents/Coding/python/pytest-html/.tox/devel/lib/python3.8/site-packages/pluggy/callers.py&quot;, line 187, in _multicall
INTERNALERROR&gt;     res = hook_impl.function(*args)
INTERNALERROR&gt;   File &quot;/home/flow/Documents/Coding/python/pytest-html/.tox/devel/lib/python3.8/site-packages/pytest_html/plugin.py&quot;, line 92, in pytest_configure
INTERNALERROR&gt;     raise OSError(f&quot;No such file or directory: &#x27;{csspath}&#x27;&quot;)
INTERNALERROR&gt; OSError: No such file or directory: &#x27;style.css&#x27;
<br/></div></td></tr></tbody>
      <tbody class="passed results-table-row">
        <tr>
          <td class="col-result">Passed</td>
          <td class="col-name">testing/test_pytest_html.py::TestHTML::test_css_invalid_no_html</td>
          <td class="col-duration">0.06</td>
          <td class="col-links"></td></tr>
        <tr>
          <td class="extra" colspan="4">
            <div class="log"> ------------------------------Captured stdout call------------------------------ <br/>============================= test session starts ==============================
platform linux -- Python 3.8.6, pytest-6.1.2, py-1.9.0, pluggy-0.13.1
rootdir: /tmp/pytest-of-flow/pytest-1267/test_css_invalid_no_html0
plugins: metadata-1.10.0, mock-3.3.1, xdist-2.1.0, rerunfailures-9.1.1, html-3.0.1.dev4, forked-1.3.0
collected 1 item

test_css_invalid_no_html.py .                                            [100%]

============================== 1 passed in 0.01s ===============================
<br/></div></td></tr></tbody>
      <tbody class="passed results-table-row">
        <tr>
          <td class="col-result">Passed</td>
          <td class="col-name">testing/test_pytest_html.py::TestHTML::test_report_display_utf8</td>
          <td class="col-duration">0.07</td>
          <td class="col-links"></td></tr>
        <tr>
          <td class="extra" colspan="4">
            <div class="log"> ------------------------------Captured stdout call------------------------------ <br/>============================= test session starts ==============================
platform linux -- Python 3.8.6, pytest-6.1.2, py-1.9.0, pluggy-0.13.1
rootdir: /tmp/pytest-of-flow/pytest-1267/test_report_display_utf80
plugins: metadata-1.10.0, mock-3.3.1, xdist-2.1.0, rerunfailures-9.1.1, html-3.0.1.dev4, forked-1.3.0
collected 1 item

test_report_display_utf8.py .                                            [100%]

- generated html file: file:///tmp/pytest-of-flow/pytest-1267/test_report_display_utf80/report.html -
============================== 1 passed in 0.02s ===============================
<br/></div></td></tr></tbody>
      <tbody class="passed results-table-row">
        <tr>
          <td class="col-result">Passed</td>
          <td class="col-name">testing/test_pytest_html.py::TestHTML::test_collapsed[True]</td>
          <td class="col-duration">0.08</td>
          <td class="col-links"></td></tr>
        <tr>
          <td class="extra" colspan="4">
            <div class="log"> ------------------------------Captured stdout call------------------------------ <br/>============================= test session starts ==============================
platform linux -- Python 3.8.6, pytest-6.1.2, py-1.9.0, pluggy-0.13.1
rootdir: /tmp/pytest-of-flow/pytest-1267/test_collapsed0, configfile: tox.ini
plugins: metadata-1.10.0, mock-3.3.1, xdist-2.1.0, rerunfailures-9.1.1, html-3.0.1.dev4, forked-1.3.0
collected 2 items

test_collapsed.py F.                                                     [100%]

=================================== FAILURES ===================================
__________________________________ test_fail ___________________________________

    def test_fail():
&gt;       assert False
E       assert False

test_collapsed.py:2: AssertionError
- generated html file: file:///tmp/pytest-of-flow/pytest-1267/test_collapsed0/report.html -
=========================== short test summary info ============================
FAILED test_collapsed.py::test_fail - assert False
========================= 1 failed, 1 passed in 0.03s ==========================
<br/></div></td></tr></tbody>
      <tbody class="passed results-table-row">
        <tr>
          <td class="col-result">Passed</td>
          <td class="col-name">testing/test_pytest_html.py::TestHTML::test_collapsed[False]</td>
          <td class="col-duration">0.16</td>
          <td class="col-links"></td></tr>
        <tr>
          <td class="extra" colspan="4">
            <div class="log"> ------------------------------Captured stdout call------------------------------ <br/>============================= test session starts ==============================
platform linux -- Python 3.8.6, pytest-6.1.2, py-1.9.0, pluggy-0.13.1
rootdir: /tmp/pytest-of-flow/pytest-1267/test_collapsed1, configfile: tox.ini
plugins: metadata-1.10.0, mock-3.3.1, xdist-2.1.0, rerunfailures-9.1.1, html-3.0.1.dev4, forked-1.3.0
collected 2 items

test_collapsed.py F.                                                     [100%]

=================================== FAILURES ===================================
__________________________________ test_fail ___________________________________

    def test_fail():
&gt;       assert False
E       assert False

test_collapsed.py:2: AssertionError
- generated html file: file:///tmp/pytest-of-flow/pytest-1267/test_collapsed1/report.html -
=========================== short test summary info ============================
FAILED test_collapsed.py::test_fail - assert False
========================= 1 failed, 1 passed in 0.03s ==========================
<br/></div></td></tr></tbody>
      <tbody class="passed results-table-row">
        <tr>
          <td class="col-result">Passed</td>
          <td class="col-name">testing/test_pytest_html.py::TestHTML::test_custom_content_report_title</td>
          <td class="col-duration">0.08</td>
          <td class="col-links"></td></tr>
        <tr>
          <td class="extra" colspan="4">
            <div class="log"> ------------------------------Captured stdout call------------------------------ <br/>============================= test session starts ==============================
platform linux -- Python 3.8.6, pytest-6.1.2, py-1.9.0, pluggy-0.13.1
rootdir: /tmp/pytest-of-flow/pytest-1267/test_custom_content_report_title0
plugins: metadata-1.10.0, mock-3.3.1, xdist-2.1.0, rerunfailures-9.1.1, html-3.0.1.dev4, forked-1.3.0
collected 1 item

test_custom_content_report_title.py .                                    [100%]

- generated html file: file:///tmp/pytest-of-flow/pytest-1267/test_custom_content_report_title0/report.html -
============================== 1 passed in 0.02s ===============================
<br/></div></td></tr></tbody>
      <tbody class="passed results-table-row">
        <tr>
          <td class="col-result">Passed</td>
          <td class="col-name">testing/test_pytest_html.py::TestHTML::test_setup_and_teardown_in_html</td>
          <td class="col-duration">0.08</td>
          <td class="col-links"></td></tr>
        <tr>
          <td class="extra" colspan="4">
            <div class="log"> ------------------------------Captured stdout call------------------------------ <br/>============================= test session starts ==============================
platform linux -- Python 3.8.6, pytest-6.1.2, py-1.9.0, pluggy-0.13.1
rootdir: /tmp/pytest-of-flow/pytest-1267/test_setup_and_teardown_in_html0
plugins: metadata-1.10.0, mock-3.3.1, xdist-2.1.0, rerunfailures-9.1.1, html-3.0.1.dev4, forked-1.3.0
collected 1 item

test_setup_and_teardown_in_html.py .                                     [100%]

- generated html file: file:///tmp/pytest-of-flow/pytest-1267/test_setup_and_teardown_in_html0/report.html -
============================== 1 passed in 0.02s ===============================
<br/></div></td></tr></tbody>
      <tbody class="passed results-table-row">
        <tr>
          <td class="col-result">Passed</td>
          <td class="col-name">testing/test_pytest_html.py::TestHTML::test_setup_failures_are_errors</td>
          <td class="col-duration">0.08</td>
          <td class="col-links"></td></tr>
        <tr>
          <td class="extra" colspan="4">
            <div class="log"> ------------------------------Captured stdout call------------------------------ <br/>============================= test session starts ==============================
platform linux -- Python 3.8.6, pytest-6.1.2, py-1.9.0, pluggy-0.13.1
rootdir: /tmp/pytest-of-flow/pytest-1267/test_setup_failures_are_errors0
plugins: metadata-1.10.0, mock-3.3.1, xdist-2.1.0, rerunfailures-9.1.1, html-3.0.1.dev4, forked-1.3.0
collected 1 item

test_setup_failures_are_errors.py E                                      [100%]

==================================== ERRORS ====================================
_________________________ ERROR at setup of test_setup _________________________

    @pytest.fixture(scope=&quot;function&quot;)
    def setup():
&gt;       assert 0, &quot;failure!&quot;
E       AssertionError: failure!
E       assert 0

test_setup_failures_are_errors.py:4: AssertionError
- generated html file: file:///tmp/pytest-of-flow/pytest-1267/test_setup_failures_are_errors0/report.html -
=========================== short test summary info ============================
ERROR test_setup_failures_are_errors.py::test_setup - AssertionError: failure!
=============================== 1 error in 0.02s ===============================
<br/></div></td></tr></tbody>
      <tbody class="passed results-table-row">
        <tr>
          <td class="col-result">Passed</td>
          <td class="col-name">testing/test_pytest_html.py::TestHTML::test_teardown_failures_are_errors</td>
          <td class="col-duration">0.08</td>
          <td class="col-links"></td></tr>
        <tr>
          <td class="extra" colspan="4">
            <div class="log"> ------------------------------Captured stdout call------------------------------ <br/>============================= test session starts ==============================
platform linux -- Python 3.8.6, pytest-6.1.2, py-1.9.0, pluggy-0.13.1
rootdir: /tmp/pytest-of-flow/pytest-1267/test_teardown_failures_are_errors0
plugins: metadata-1.10.0, mock-3.3.1, xdist-2.1.0, rerunfailures-9.1.1, html-3.0.1.dev4, forked-1.3.0
collected 1 item

test_teardown_failures_are_errors.py .E                                  [100%]

==================================== ERRORS ====================================
_______________________ ERROR at teardown of test_setup ________________________
@pytest.fixture(scope=&quot;function&quot;)
    def teardown():
        yield
&gt;       assert 0, &quot;failure!&quot;
E       AssertionError: failure!
E       assert 0

test_teardown_failures_are_errors.py:5: AssertionError
----------------------------- Captured stdout call -----------------------------
this is the test case
- generated html file: file:///tmp/pytest-of-flow/pytest-1267/test_teardown_failures_are_errors0/report.html -
=========================== short test summary info ============================
ERROR test_teardown_failures_are_errors.py::test_setup
========================== 1 passed, 1 error in 0.03s ==========================
<br/></div></td></tr></tbody>
      <tbody class="passed results-table-row">
        <tr>
          <td class="col-result">Passed</td>
          <td class="col-name">testing/test_pytest_html.py::TestHTML::test_extra_log_reporting_respects_capture_no[-s-False]</td>
          <td class="col-duration">0.08</td>
          <td class="col-links"></td></tr>
        <tr>
          <td class="extra" colspan="4">
            <div class="log"> ------------------------------Captured stdout call------------------------------ <br/>============================= test session starts ==============================
platform linux -- Python 3.8.6, pytest-6.1.2, py-1.9.0, pluggy-0.13.1
rootdir: /tmp/pytest-of-flow/pytest-1267/test_extra_log_reporting_respects_capture_no0
plugins: metadata-1.10.0, mock-3.3.1, xdist-2.1.0, rerunfailures-9.1.1, html-3.0.1.dev4, forked-1.3.0
collected 1 item

test_extra_log_reporting_respects_capture_no.py stdout print line
.

- generated html file: file:///tmp/pytest-of-flow/pytest-1267/test_extra_log_reporting_respects_capture_no0/report.html -
============================== 1 passed in 0.02s ===============================
<br/> ------------------------------Captured stderr call------------------------------ <br/>stderr print line
<br/></div></td></tr></tbody>
      <tbody class="passed results-table-row">
        <tr>
          <td class="col-result">Passed</td>
          <td class="col-name">testing/test_pytest_html.py::TestHTML::test_extra_log_reporting_respects_capture_no[--capture=no-False]</td>
          <td class="col-duration">0.08</td>
          <td class="col-links"></td></tr>
        <tr>
          <td class="extra" colspan="4">
            <div class="log"> ------------------------------Captured stdout call------------------------------ <br/>============================= test session starts ==============================
platform linux -- Python 3.8.6, pytest-6.1.2, py-1.9.0, pluggy-0.13.1
rootdir: /tmp/pytest-of-flow/pytest-1267/test_extra_log_reporting_respects_capture_no1
plugins: metadata-1.10.0, mock-3.3.1, xdist-2.1.0, rerunfailures-9.1.1, html-3.0.1.dev4, forked-1.3.0
collected 1 item

test_extra_log_reporting_respects_capture_no.py stdout print line
.

- generated html file: file:///tmp/pytest-of-flow/pytest-1267/test_extra_log_reporting_respects_capture_no1/report.html -
============================== 1 passed in 0.02s ===============================
<br/> ------------------------------Captured stderr call------------------------------ <br/>stderr print line
<br/></div></td></tr></tbody>
      <tbody class="passed results-table-row">
        <tr>
          <td class="col-result">Passed</td>
          <td class="col-name">testing/test_pytest_html.py::TestHTML::test_extra_log_reporting_respects_capture_no[--capture=sys-True]</td>
          <td class="col-duration">0.08</td>
          <td class="col-links"></td></tr>
        <tr>
          <td class="extra" colspan="4">
            <div class="log"> ------------------------------Captured stdout call------------------------------ <br/>============================= test session starts ==============================
platform linux -- Python 3.8.6, pytest-6.1.2, py-1.9.0, pluggy-0.13.1
rootdir: /tmp/pytest-of-flow/pytest-1267/test_extra_log_reporting_respects_capture_no2
plugins: metadata-1.10.0, mock-3.3.1, xdist-2.1.0, rerunfailures-9.1.1, html-3.0.1.dev4, forked-1.3.0
collected 1 item

test_extra_log_reporting_respects_capture_no.py .                        [100%]

- generated html file: file:///tmp/pytest-of-flow/pytest-1267/test_extra_log_reporting_respects_capture_no2/report.html -
============================== 1 passed in 0.02s ===============================
<br/></div></td></tr></tbody>
      <tbody class="passed results-table-row">
        <tr>
          <td class="col-result">Passed</td>
          <td class="col-name">testing/test_pytest_html.py::TestHTML::test_extra_log_reporting_respects_show_capture_no[--show-capture=no-False]</td>
          <td class="col-duration">0.08</td>
          <td class="col-links"></td></tr>
        <tr>
          <td class="extra" colspan="4">
            <div class="log"> ------------------------------Captured stdout call------------------------------ <br/>============================= test session starts ==============================
platform linux -- Python 3.8.6, pytest-6.1.2, py-1.9.0, pluggy-0.13.1
rootdir: /tmp/pytest-of-flow/pytest-1267/test_extra_log_reporting_respects_show_capture_no0
plugins: metadata-1.10.0, mock-3.3.1, xdist-2.1.0, rerunfailures-9.1.1, html-3.0.1.dev4, forked-1.3.0
collected 1 item

test_extra_log_reporting_respects_show_capture_no.py F                   [100%]

=================================== FAILURES ===================================
_____________________________ test_show_capture_no _____________________________

    def test_show_capture_no():
        print(&quot;stdout print line&quot;)
        print(&quot;stderr print line&quot;, file=sys.stderr)
&gt;       assert False
E       assert False

test_extra_log_reporting_respects_show_capture_no.py:5: AssertionError
- generated html file: file:///tmp/pytest-of-flow/pytest-1267/test_extra_log_reporting_respects_show_capture_no0/report.html -
=========================== short test summary info ============================
FAILED test_extra_log_reporting_respects_show_capture_no.py::test_show_capture_no
============================== 1 failed in 0.02s ===============================
<br/></div></td></tr></tbody>
      <tbody class="passed results-table-row">
        <tr>
          <td class="col-result">Passed</td>
          <td class="col-name">testing/test_pytest_html.py::TestHTML::test_extra_log_reporting_respects_show_capture_no[--show-capture=all-True]</td>
          <td class="col-duration">0.08</td>
          <td class="col-links"></td></tr>
        <tr>
          <td class="extra" colspan="4">
            <div class="log"> ------------------------------Captured stdout call------------------------------ <br/>============================= test session starts ==============================
platform linux -- Python 3.8.6, pytest-6.1.2, py-1.9.0, pluggy-0.13.1
rootdir: /tmp/pytest-of-flow/pytest-1267/test_extra_log_reporting_respects_show_capture_no1
plugins: metadata-1.10.0, mock-3.3.1, xdist-2.1.0, rerunfailures-9.1.1, html-3.0.1.dev4, forked-1.3.0
collected 1 item

test_extra_log_reporting_respects_show_capture_no.py F                   [100%]

=================================== FAILURES ===================================
_____________________________ test_show_capture_no _____________________________

    def test_show_capture_no():
        print(&quot;stdout print line&quot;)
        print(&quot;stderr print line&quot;, file=sys.stderr)
&gt;       assert False
E       assert False

test_extra_log_reporting_respects_show_capture_no.py:5: AssertionError
----------------------------- Captured stdout call -----------------------------
stdout print line
----------------------------- Captured stderr call -----------------------------
stderr print line
- generated html file: file:///tmp/pytest-of-flow/pytest-1267/test_extra_log_reporting_respects_show_capture_no1/report.html -
=========================== short test summary info ============================
FAILED test_extra_log_reporting_respects_show_capture_no.py::test_show_capture_no
============================== 1 failed in 0.02s ===============================
<br/></div></td></tr></tbody></table></body></html>